{"/Users/kyosukeishizu/oracleberry/berrcode/gui-editor/dist/berry-editor/berry_editor.js": {"path":"/Users/kyosukeishizu/oracleberry/berrcode/gui-editor/dist/berry-editor/berry_editor.js","statementMap":{"0":{"start":{"line":4,"column":16},"end":{"line":4,"column":46}},"1":{"start":{"line":5,"column":4},"end":{"line":5,"column":45}},"2":{"start":{"line":6,"column":4},"end":{"line":6,"column":15}},"3":{"start":{"line":9,"column":22},"end":{"line":11,"column":69}},"4":{"start":{"line":11,"column":40},"end":{"line":11,"column":68}},"5":{"start":{"line":15,"column":17},"end":{"line":15,"column":27}},"6":{"start":{"line":16,"column":4},"end":{"line":18,"column":5}},"7":{"start":{"line":17,"column":8},"end":{"line":17,"column":25}},"8":{"start":{"line":19,"column":4},"end":{"line":21,"column":5}},"9":{"start":{"line":20,"column":8},"end":{"line":20,"column":26}},"10":{"start":{"line":22,"column":4},"end":{"line":29,"column":5}},"11":{"start":{"line":23,"column":28},"end":{"line":23,"column":43}},"12":{"start":{"line":24,"column":8},"end":{"line":28,"column":9}},"13":{"start":{"line":25,"column":12},"end":{"line":25,"column":28}},"14":{"start":{"line":27,"column":12},"end":{"line":27,"column":44}},"15":{"start":{"line":30,"column":4},"end":{"line":37,"column":5}},"16":{"start":{"line":31,"column":21},"end":{"line":31,"column":29}},"17":{"start":{"line":32,"column":8},"end":{"line":36,"column":9}},"18":{"start":{"line":33,"column":12},"end":{"line":33,"column":39}},"19":{"start":{"line":35,"column":12},"end":{"line":35,"column":30}},"20":{"start":{"line":39,"column":4},"end":{"line":50,"column":5}},"21":{"start":{"line":40,"column":23},"end":{"line":40,"column":33}},"22":{"start":{"line":41,"column":20},"end":{"line":41,"column":23}},"23":{"start":{"line":42,"column":8},"end":{"line":44,"column":9}},"24":{"start":{"line":43,"column":12},"end":{"line":43,"column":41}},"25":{"start":{"line":45,"column":8},"end":{"line":47,"column":9}},"26":{"start":{"line":45,"column":20},"end":{"line":45,"column":21}},"27":{"start":{"line":46,"column":12},"end":{"line":46,"column":48}},"28":{"start":{"line":48,"column":8},"end":{"line":48,"column":21}},"29":{"start":{"line":49,"column":8},"end":{"line":49,"column":21}},"30":{"start":{"line":52,"column":27},"end":{"line":52,"column":73}},"31":{"start":{"line":54,"column":4},"end":{"line":59,"column":5}},"32":{"start":{"line":55,"column":8},"end":{"line":55,"column":38}},"33":{"start":{"line":58,"column":8},"end":{"line":58,"column":34}},"34":{"start":{"line":60,"column":4},"end":{"line":69,"column":5}},"35":{"start":{"line":64,"column":8},"end":{"line":68,"column":9}},"36":{"start":{"line":65,"column":12},"end":{"line":65,"column":57}},"37":{"start":{"line":67,"column":12},"end":{"line":67,"column":28}},"38":{"start":{"line":71,"column":4},"end":{"line":73,"column":5}},"39":{"start":{"line":72,"column":8},"end":{"line":72,"column":59}},"40":{"start":{"line":75,"column":4},"end":{"line":75,"column":21}},"41":{"start":{"line":79,"column":4},"end":{"line":79,"column":20}},"42":{"start":{"line":80,"column":4},"end":{"line":80,"column":67}},"43":{"start":{"line":83,"column":28},"end":{"line":83,"column":32}},"44":{"start":{"line":85,"column":4},"end":{"line":87,"column":5}},"45":{"start":{"line":86,"column":8},"end":{"line":86,"column":65}},"46":{"start":{"line":88,"column":4},"end":{"line":88,"column":33}},"47":{"start":{"line":92,"column":4},"end":{"line":92,"column":20}},"48":{"start":{"line":93,"column":4},"end":{"line":93,"column":32}},"49":{"start":{"line":96,"column":30},"end":{"line":96,"column":34}},"50":{"start":{"line":98,"column":4},"end":{"line":100,"column":5}},"51":{"start":{"line":99,"column":8},"end":{"line":99,"column":69}},"52":{"start":{"line":101,"column":4},"end":{"line":101,"column":35}},"53":{"start":{"line":105,"column":4},"end":{"line":110,"column":5}},"54":{"start":{"line":106,"column":8},"end":{"line":106,"column":35}},"55":{"start":{"line":108,"column":20},"end":{"line":108,"column":43}},"56":{"start":{"line":109,"column":8},"end":{"line":109,"column":39}},"57":{"start":{"line":114,"column":4},"end":{"line":114,"column":41}},"58":{"start":{"line":118,"column":18},"end":{"line":118,"column":52}},"59":{"start":{"line":119,"column":17},"end":{"line":133,"column":5}},"60":{"start":{"line":124,"column":8},"end":{"line":124,"column":20}},"61":{"start":{"line":125,"column":18},"end":{"line":125,"column":25}},"62":{"start":{"line":126,"column":8},"end":{"line":126,"column":20}},"63":{"start":{"line":127,"column":8},"end":{"line":132,"column":9}},"64":{"start":{"line":128,"column":12},"end":{"line":128,"column":42}},"65":{"start":{"line":130,"column":12},"end":{"line":130,"column":24}},"66":{"start":{"line":131,"column":12},"end":{"line":131,"column":33}},"67":{"start":{"line":134,"column":4},"end":{"line":140,"column":6}},"68":{"start":{"line":135,"column":8},"end":{"line":139,"column":9}},"69":{"start":{"line":136,"column":12},"end":{"line":136,"column":41}},"70":{"start":{"line":137,"column":12},"end":{"line":137,"column":24}},"71":{"start":{"line":138,"column":12},"end":{"line":138,"column":44}},"72":{"start":{"line":141,"column":4},"end":{"line":141,"column":47}},"73":{"start":{"line":142,"column":4},"end":{"line":142,"column":16}},"74":{"start":{"line":146,"column":4},"end":{"line":152,"column":5}},"75":{"start":{"line":147,"column":20},"end":{"line":147,"column":49}},"76":{"start":{"line":148,"column":20},"end":{"line":148,"column":47}},"77":{"start":{"line":149,"column":8},"end":{"line":149,"column":72}},"78":{"start":{"line":150,"column":8},"end":{"line":150,"column":37}},"79":{"start":{"line":151,"column":8},"end":{"line":151,"column":19}},"80":{"start":{"line":154,"column":14},"end":{"line":154,"column":24}},"81":{"start":{"line":155,"column":14},"end":{"line":155,"column":34}},"82":{"start":{"line":157,"column":16},"end":{"line":157,"column":38}},"83":{"start":{"line":159,"column":17},"end":{"line":159,"column":18}},"84":{"start":{"line":161,"column":4},"end":{"line":165,"column":5}},"85":{"start":{"line":162,"column":21},"end":{"line":162,"column":43}},"86":{"start":{"line":163,"column":8},"end":{"line":163,"column":31}},"87":{"start":{"line":163,"column":25},"end":{"line":163,"column":31}},"88":{"start":{"line":164,"column":8},"end":{"line":164,"column":33}},"89":{"start":{"line":166,"column":4},"end":{"line":176,"column":5}},"90":{"start":{"line":167,"column":8},"end":{"line":169,"column":9}},"91":{"start":{"line":168,"column":12},"end":{"line":168,"column":36}},"92":{"start":{"line":170,"column":8},"end":{"line":170,"column":72}},"93":{"start":{"line":171,"column":21},"end":{"line":171,"column":77}},"94":{"start":{"line":172,"column":20},"end":{"line":172,"column":59}},"95":{"start":{"line":174,"column":8},"end":{"line":174,"column":30}},"96":{"start":{"line":175,"column":8},"end":{"line":175,"column":49}},"97":{"start":{"line":178,"column":4},"end":{"line":178,"column":29}},"98":{"start":{"line":179,"column":4},"end":{"line":179,"column":15}},"99":{"start":{"line":183,"column":18},"end":{"line":183,"column":53}},"100":{"start":{"line":184,"column":4},"end":{"line":184,"column":40}},"101":{"start":{"line":185,"column":4},"end":{"line":185,"column":17}},"102":{"start":{"line":188,"column":24},"end":{"line":188,"column":82}},"103":{"start":{"line":189,"column":0},"end":{"line":189,"column":27}},"104":{"start":{"line":190,"column":32},"end":{"line":190,"column":42}},"105":{"start":{"line":191,"column":22},"end":{"line":191,"column":23}},"106":{"start":{"line":193,"column":4},"end":{"line":193,"column":27}},"107":{"start":{"line":194,"column":4},"end":{"line":198,"column":5}},"108":{"start":{"line":195,"column":8},"end":{"line":195,"column":87}},"109":{"start":{"line":196,"column":8},"end":{"line":196,"column":35}},"110":{"start":{"line":197,"column":8},"end":{"line":197,"column":30}},"111":{"start":{"line":199,"column":4},"end":{"line":199,"column":85}},"112":{"start":{"line":202,"column":26},"end":{"line":202,"column":43}},"113":{"start":{"line":204,"column":0},"end":{"line":213,"column":1}},"114":{"start":{"line":205,"column":4},"end":{"line":212,"column":5}},"115":{"start":{"line":206,"column":20},"end":{"line":206,"column":49}},"116":{"start":{"line":207,"column":8},"end":{"line":207,"column":22}},"117":{"start":{"line":208,"column":8},"end":{"line":211,"column":10}},"118":{"start":{"line":215,"column":22},"end":{"line":215,"column":23}},"119":{"start":{"line":218,"column":4},"end":{"line":218,"column":89}},"120":{"start":{"line":222,"column":4},"end":{"line":222,"column":89}},"121":{"start":{"line":226,"column":4},"end":{"line":226,"column":95}},"122":{"start":{"line":229,"column":43},"end":{"line":229,"column":52}},"123":{"start":{"line":231,"column":36},"end":{"line":231,"column":82}},"124":{"start":{"line":233,"column":45},"end":{"line":235,"column":93}},"125":{"start":{"line":235,"column":38},"end":{"line":235,"column":92}},"126":{"start":{"line":237,"column":39},"end":{"line":239,"column":87}},"127":{"start":{"line":239,"column":38},"end":{"line":239,"column":86}},"128":{"start":{"line":241,"column":41},"end":{"line":243,"column":89}},"129":{"start":{"line":243,"column":38},"end":{"line":243,"column":88}},"130":{"start":{"line":245,"column":35},"end":{"line":247,"column":83}},"131":{"start":{"line":247,"column":38},"end":{"line":247,"column":82}},"132":{"start":{"line":251,"column":20},"end":{"line":251,"column":34}},"133":{"start":{"line":252,"column":8},"end":{"line":252,"column":27}},"134":{"start":{"line":253,"column":8},"end":{"line":253,"column":62}},"135":{"start":{"line":254,"column":8},"end":{"line":254,"column":19}},"136":{"start":{"line":257,"column":20},"end":{"line":257,"column":45}},"137":{"start":{"line":258,"column":8},"end":{"line":258,"column":57}},"138":{"start":{"line":264,"column":20},"end":{"line":264,"column":87}},"139":{"start":{"line":265,"column":8},"end":{"line":265,"column":25}},"140":{"start":{"line":272,"column":20},"end":{"line":272,"column":82}},"141":{"start":{"line":273,"column":8},"end":{"line":273,"column":19}},"142":{"start":{"line":279,"column":8},"end":{"line":279,"column":72}},"143":{"start":{"line":285,"column":20},"end":{"line":285,"column":70}},"144":{"start":{"line":286,"column":8},"end":{"line":286,"column":55}},"145":{"start":{"line":289,"column":20},"end":{"line":289,"column":45}},"146":{"start":{"line":290,"column":8},"end":{"line":290,"column":50}},"147":{"start":{"line":293,"column":0},"end":{"line":293,"column":113}},"148":{"start":{"line":293,"column":20},"end":{"line":293,"column":113}},"149":{"start":{"line":297,"column":20},"end":{"line":297,"column":34}},"150":{"start":{"line":298,"column":8},"end":{"line":298,"column":27}},"151":{"start":{"line":299,"column":8},"end":{"line":299,"column":56}},"152":{"start":{"line":300,"column":8},"end":{"line":300,"column":19}},"153":{"start":{"line":303,"column":20},"end":{"line":303,"column":45}},"154":{"start":{"line":304,"column":8},"end":{"line":304,"column":51}},"155":{"start":{"line":311,"column":20},"end":{"line":311,"column":45}},"156":{"start":{"line":312,"column":20},"end":{"line":312,"column":62}},"157":{"start":{"line":313,"column":8},"end":{"line":313,"column":19}},"158":{"start":{"line":319,"column":20},"end":{"line":319,"column":45}},"159":{"start":{"line":320,"column":20},"end":{"line":320,"column":54}},"160":{"start":{"line":321,"column":8},"end":{"line":321,"column":19}},"161":{"start":{"line":328,"column":20},"end":{"line":328,"column":72}},"162":{"start":{"line":329,"column":8},"end":{"line":329,"column":19}},"163":{"start":{"line":332,"column":0},"end":{"line":332,"column":101}},"164":{"start":{"line":332,"column":20},"end":{"line":332,"column":101}},"165":{"start":{"line":336,"column":20},"end":{"line":336,"column":34}},"166":{"start":{"line":337,"column":8},"end":{"line":337,"column":27}},"167":{"start":{"line":338,"column":8},"end":{"line":338,"column":58}},"168":{"start":{"line":339,"column":8},"end":{"line":339,"column":19}},"169":{"start":{"line":342,"column":20},"end":{"line":342,"column":45}},"170":{"start":{"line":343,"column":8},"end":{"line":343,"column":53}},"171":{"start":{"line":350,"column":20},"end":{"line":350,"column":78}},"172":{"start":{"line":351,"column":8},"end":{"line":351,"column":19}},"173":{"start":{"line":354,"column":20},"end":{"line":354,"column":45}},"174":{"start":{"line":355,"column":8},"end":{"line":355,"column":46}},"175":{"start":{"line":358,"column":0},"end":{"line":358,"column":105}},"176":{"start":{"line":358,"column":20},"end":{"line":358,"column":105}},"177":{"start":{"line":362,"column":20},"end":{"line":362,"column":34}},"178":{"start":{"line":363,"column":8},"end":{"line":363,"column":27}},"179":{"start":{"line":364,"column":8},"end":{"line":364,"column":52}},"180":{"start":{"line":365,"column":8},"end":{"line":365,"column":19}},"181":{"start":{"line":368,"column":20},"end":{"line":368,"column":45}},"182":{"start":{"line":369,"column":8},"end":{"line":369,"column":47}},"183":{"start":{"line":375,"column":21},"end":{"line":375,"column":98}},"184":{"start":{"line":376,"column":21},"end":{"line":376,"column":36}},"185":{"start":{"line":377,"column":20},"end":{"line":377,"column":58}},"186":{"start":{"line":378,"column":8},"end":{"line":380,"column":9}},"187":{"start":{"line":379,"column":12},"end":{"line":379,"column":50}},"188":{"start":{"line":383,"column":0},"end":{"line":383,"column":93}},"189":{"start":{"line":383,"column":20},"end":{"line":383,"column":93}},"190":{"start":{"line":390,"column":16},"end":{"line":390,"column":41}},"191":{"start":{"line":391,"column":4},"end":{"line":391,"column":15}},"192":{"start":{"line":398,"column":4},"end":{"line":398,"column":29}},"193":{"start":{"line":401,"column":32},"end":{"line":401,"column":69}},"194":{"start":{"line":404,"column":4},"end":{"line":430,"column":5}},"195":{"start":{"line":405,"column":8},"end":{"line":418,"column":9}},"196":{"start":{"line":406,"column":12},"end":{"line":417,"column":13}},"197":{"start":{"line":407,"column":16},"end":{"line":407,"column":79}},"198":{"start":{"line":409,"column":38},"end":{"line":409,"column":91}},"199":{"start":{"line":411,"column":16},"end":{"line":416,"column":17}},"200":{"start":{"line":412,"column":20},"end":{"line":412,"column":233}},"201":{"start":{"line":415,"column":20},"end":{"line":415,"column":28}},"202":{"start":{"line":420,"column":22},"end":{"line":420,"column":48}},"203":{"start":{"line":421,"column":8},"end":{"line":421,"column":61}},"204":{"start":{"line":423,"column":25},"end":{"line":423,"column":71}},"205":{"start":{"line":425,"column":8},"end":{"line":429,"column":9}},"206":{"start":{"line":426,"column":12},"end":{"line":426,"column":40}},"207":{"start":{"line":428,"column":12},"end":{"line":428,"column":28}},"208":{"start":{"line":434,"column":20},"end":{"line":434,"column":22}},"209":{"start":{"line":435,"column":4},"end":{"line":435,"column":21}},"210":{"start":{"line":436,"column":4},"end":{"line":439,"column":6}},"211":{"start":{"line":437,"column":20},"end":{"line":437,"column":57}},"212":{"start":{"line":438,"column":8},"end":{"line":438,"column":19}},"213":{"start":{"line":440,"column":4},"end":{"line":446,"column":6}},"214":{"start":{"line":441,"column":20},"end":{"line":441,"column":32}},"215":{"start":{"line":442,"column":21},"end":{"line":442,"column":92}},"216":{"start":{"line":443,"column":21},"end":{"line":443,"column":36}},"217":{"start":{"line":444,"column":8},"end":{"line":444,"column":64}},"218":{"start":{"line":445,"column":8},"end":{"line":445,"column":64}},"219":{"start":{"line":447,"column":4},"end":{"line":451,"column":6}},"220":{"start":{"line":448,"column":18},"end":{"line":448,"column":22}},"221":{"start":{"line":449,"column":20},"end":{"line":449,"column":59}},"222":{"start":{"line":450,"column":8},"end":{"line":450,"column":56}},"223":{"start":{"line":452,"column":4},"end":{"line":458,"column":6}},"224":{"start":{"line":453,"column":20},"end":{"line":453,"column":37}},"225":{"start":{"line":454,"column":21},"end":{"line":454,"column":92}},"226":{"start":{"line":455,"column":21},"end":{"line":455,"column":36}},"227":{"start":{"line":456,"column":8},"end":{"line":456,"column":64}},"228":{"start":{"line":457,"column":8},"end":{"line":457,"column":64}},"229":{"start":{"line":459,"column":4},"end":{"line":462,"column":6}},"230":{"start":{"line":460,"column":20},"end":{"line":460,"column":32}},"231":{"start":{"line":461,"column":8},"end":{"line":461,"column":19}},"232":{"start":{"line":463,"column":4},"end":{"line":466,"column":6}},"233":{"start":{"line":464,"column":20},"end":{"line":464,"column":25}},"234":{"start":{"line":465,"column":8},"end":{"line":465,"column":19}},"235":{"start":{"line":467,"column":4},"end":{"line":470,"column":6}},"236":{"start":{"line":468,"column":20},"end":{"line":468,"column":47}},"237":{"start":{"line":469,"column":8},"end":{"line":469,"column":19}},"238":{"start":{"line":471,"column":4},"end":{"line":474,"column":6}},"239":{"start":{"line":472,"column":20},"end":{"line":472,"column":33}},"240":{"start":{"line":473,"column":8},"end":{"line":473,"column":19}},"241":{"start":{"line":475,"column":4},"end":{"line":479,"column":6}},"242":{"start":{"line":476,"column":20},"end":{"line":476,"column":24}},"243":{"start":{"line":477,"column":20},"end":{"line":477,"column":60}},"244":{"start":{"line":478,"column":8},"end":{"line":478,"column":19}},"245":{"start":{"line":480,"column":4},"end":{"line":483,"column":6}},"246":{"start":{"line":481,"column":20},"end":{"line":481,"column":38}},"247":{"start":{"line":482,"column":8},"end":{"line":482,"column":19}},"248":{"start":{"line":484,"column":4},"end":{"line":487,"column":6}},"249":{"start":{"line":485,"column":20},"end":{"line":485,"column":32}},"250":{"start":{"line":486,"column":8},"end":{"line":486,"column":19}},"251":{"start":{"line":488,"column":4},"end":{"line":493,"column":6}},"252":{"start":{"line":489,"column":20},"end":{"line":489,"column":24}},"253":{"start":{"line":490,"column":20},"end":{"line":490,"column":62}},"254":{"start":{"line":491,"column":8},"end":{"line":491,"column":87}},"255":{"start":{"line":492,"column":8},"end":{"line":492,"column":76}},"256":{"start":{"line":494,"column":4},"end":{"line":501,"column":6}},"257":{"start":{"line":495,"column":20},"end":{"line":495,"column":24}},"258":{"start":{"line":496,"column":20},"end":{"line":496,"column":62}},"259":{"start":{"line":497,"column":19},"end":{"line":497,"column":112}},"260":{"start":{"line":498,"column":19},"end":{"line":498,"column":34}},"261":{"start":{"line":499,"column":8},"end":{"line":499,"column":64}},"262":{"start":{"line":500,"column":8},"end":{"line":500,"column":64}},"263":{"start":{"line":502,"column":4},"end":{"line":504,"column":6}},"264":{"start":{"line":503,"column":8},"end":{"line":503,"column":56}},"265":{"start":{"line":505,"column":4},"end":{"line":507,"column":6}},"266":{"start":{"line":506,"column":8},"end":{"line":506,"column":29}},"267":{"start":{"line":508,"column":4},"end":{"line":510,"column":20}},"268":{"start":{"line":508,"column":71},"end":{"line":510,"column":17}},"269":{"start":{"line":509,"column":8},"end":{"line":509,"column":68}},"270":{"start":{"line":511,"column":4},"end":{"line":514,"column":6}},"271":{"start":{"line":512,"column":20},"end":{"line":512,"column":31}},"272":{"start":{"line":513,"column":8},"end":{"line":513,"column":19}},"273":{"start":{"line":515,"column":4},"end":{"line":518,"column":6}},"274":{"start":{"line":516,"column":20},"end":{"line":516,"column":36}},"275":{"start":{"line":517,"column":8},"end":{"line":517,"column":63}},"276":{"start":{"line":519,"column":4},"end":{"line":522,"column":6}},"277":{"start":{"line":520,"column":20},"end":{"line":520,"column":35}},"278":{"start":{"line":521,"column":8},"end":{"line":521,"column":19}},"279":{"start":{"line":523,"column":4},"end":{"line":526,"column":6}},"280":{"start":{"line":524,"column":20},"end":{"line":524,"column":35}},"281":{"start":{"line":525,"column":8},"end":{"line":525,"column":19}},"282":{"start":{"line":527,"column":4},"end":{"line":530,"column":20}},"283":{"start":{"line":527,"column":59},"end":{"line":530,"column":17}},"284":{"start":{"line":528,"column":20},"end":{"line":528,"column":41}},"285":{"start":{"line":529,"column":8},"end":{"line":529,"column":19}},"286":{"start":{"line":531,"column":4},"end":{"line":534,"column":20}},"287":{"start":{"line":531,"column":59},"end":{"line":534,"column":17}},"288":{"start":{"line":532,"column":20},"end":{"line":532,"column":35}},"289":{"start":{"line":533,"column":8},"end":{"line":533,"column":19}},"290":{"start":{"line":535,"column":4},"end":{"line":538,"column":6}},"291":{"start":{"line":536,"column":20},"end":{"line":536,"column":37}},"292":{"start":{"line":537,"column":8},"end":{"line":537,"column":19}},"293":{"start":{"line":539,"column":4},"end":{"line":542,"column":20}},"294":{"start":{"line":539,"column":64},"end":{"line":542,"column":17}},"295":{"start":{"line":540,"column":20},"end":{"line":540,"column":46}},"296":{"start":{"line":541,"column":8},"end":{"line":541,"column":19}},"297":{"start":{"line":543,"column":4},"end":{"line":546,"column":20}},"298":{"start":{"line":543,"column":64},"end":{"line":546,"column":17}},"299":{"start":{"line":544,"column":20},"end":{"line":544,"column":36}},"300":{"start":{"line":545,"column":8},"end":{"line":545,"column":19}},"301":{"start":{"line":547,"column":4},"end":{"line":549,"column":20}},"302":{"start":{"line":547,"column":60},"end":{"line":549,"column":17}},"303":{"start":{"line":548,"column":8},"end":{"line":548,"column":21}},"304":{"start":{"line":550,"column":4},"end":{"line":552,"column":20}},"305":{"start":{"line":550,"column":60},"end":{"line":552,"column":17}},"306":{"start":{"line":551,"column":8},"end":{"line":551,"column":21}},"307":{"start":{"line":553,"column":4},"end":{"line":556,"column":6}},"308":{"start":{"line":554,"column":20},"end":{"line":554,"column":39}},"309":{"start":{"line":555,"column":8},"end":{"line":555,"column":19}},"310":{"start":{"line":557,"column":4},"end":{"line":560,"column":6}},"311":{"start":{"line":558,"column":20},"end":{"line":558,"column":32}},"312":{"start":{"line":559,"column":8},"end":{"line":559,"column":19}},"313":{"start":{"line":561,"column":4},"end":{"line":564,"column":6}},"314":{"start":{"line":562,"column":20},"end":{"line":562,"column":70}},"315":{"start":{"line":563,"column":8},"end":{"line":563,"column":19}},"316":{"start":{"line":565,"column":4},"end":{"line":568,"column":20}},"317":{"start":{"line":565,"column":70},"end":{"line":568,"column":17}},"318":{"start":{"line":566,"column":20},"end":{"line":566,"column":129}},"319":{"start":{"line":567,"column":8},"end":{"line":567,"column":19}},"320":{"start":{"line":569,"column":4},"end":{"line":572,"column":20}},"321":{"start":{"line":569,"column":68},"end":{"line":572,"column":17}},"322":{"start":{"line":570,"column":20},"end":{"line":570,"column":70}},"323":{"start":{"line":571,"column":8},"end":{"line":571,"column":19}},"324":{"start":{"line":573,"column":4},"end":{"line":576,"column":6}},"325":{"start":{"line":574,"column":20},"end":{"line":574,"column":71}},"326":{"start":{"line":575,"column":8},"end":{"line":575,"column":19}},"327":{"start":{"line":577,"column":4},"end":{"line":580,"column":20}},"328":{"start":{"line":577,"column":69},"end":{"line":580,"column":17}},"329":{"start":{"line":578,"column":20},"end":{"line":578,"column":54}},"330":{"start":{"line":579,"column":8},"end":{"line":579,"column":19}},"331":{"start":{"line":581,"column":4},"end":{"line":584,"column":6}},"332":{"start":{"line":582,"column":20},"end":{"line":582,"column":33}},"333":{"start":{"line":583,"column":8},"end":{"line":583,"column":63}},"334":{"start":{"line":585,"column":4},"end":{"line":588,"column":6}},"335":{"start":{"line":586,"column":20},"end":{"line":586,"column":29}},"336":{"start":{"line":587,"column":8},"end":{"line":587,"column":19}},"337":{"start":{"line":589,"column":4},"end":{"line":591,"column":20}},"338":{"start":{"line":589,"column":62},"end":{"line":591,"column":17}},"339":{"start":{"line":590,"column":8},"end":{"line":590,"column":27}},"340":{"start":{"line":592,"column":4},"end":{"line":602,"column":6}},"341":{"start":{"line":595,"column":8},"end":{"line":601,"column":9}},"342":{"start":{"line":596,"column":12},"end":{"line":596,"column":31}},"343":{"start":{"line":597,"column":12},"end":{"line":597,"column":31}},"344":{"start":{"line":598,"column":12},"end":{"line":598,"column":58}},"345":{"start":{"line":600,"column":12},"end":{"line":600,"column":62}},"346":{"start":{"line":603,"column":4},"end":{"line":605,"column":6}},"347":{"start":{"line":604,"column":8},"end":{"line":604,"column":28}},"348":{"start":{"line":606,"column":4},"end":{"line":609,"column":6}},"349":{"start":{"line":607,"column":20},"end":{"line":607,"column":36}},"350":{"start":{"line":608,"column":8},"end":{"line":608,"column":19}},"351":{"start":{"line":610,"column":4},"end":{"line":613,"column":6}},"352":{"start":{"line":611,"column":20},"end":{"line":611,"column":42}},"353":{"start":{"line":612,"column":8},"end":{"line":612,"column":63}},"354":{"start":{"line":614,"column":4},"end":{"line":617,"column":20}},"355":{"start":{"line":614,"column":65},"end":{"line":617,"column":17}},"356":{"start":{"line":615,"column":20},"end":{"line":615,"column":67}},"357":{"start":{"line":616,"column":8},"end":{"line":616,"column":63}},"358":{"start":{"line":618,"column":4},"end":{"line":621,"column":6}},"359":{"start":{"line":619,"column":20},"end":{"line":619,"column":71}},"360":{"start":{"line":620,"column":8},"end":{"line":620,"column":63}},"361":{"start":{"line":622,"column":4},"end":{"line":624,"column":20}},"362":{"start":{"line":622,"column":70},"end":{"line":624,"column":17}},"363":{"start":{"line":623,"column":8},"end":{"line":623,"column":75}},"364":{"start":{"line":625,"column":4},"end":{"line":628,"column":6}},"365":{"start":{"line":626,"column":20},"end":{"line":626,"column":36}},"366":{"start":{"line":627,"column":8},"end":{"line":627,"column":19}},"367":{"start":{"line":629,"column":4},"end":{"line":632,"column":20}},"368":{"start":{"line":629,"column":58},"end":{"line":632,"column":17}},"369":{"start":{"line":630,"column":20},"end":{"line":630,"column":43}},"370":{"start":{"line":631,"column":8},"end":{"line":631,"column":19}},"371":{"start":{"line":633,"column":4},"end":{"line":636,"column":6}},"372":{"start":{"line":634,"column":20},"end":{"line":634,"column":30}},"373":{"start":{"line":635,"column":8},"end":{"line":635,"column":19}},"374":{"start":{"line":637,"column":4},"end":{"line":640,"column":6}},"375":{"start":{"line":638,"column":20},"end":{"line":638,"column":29}},"376":{"start":{"line":639,"column":8},"end":{"line":639,"column":19}},"377":{"start":{"line":641,"column":4},"end":{"line":644,"column":20}},"378":{"start":{"line":641,"column":67},"end":{"line":644,"column":17}},"379":{"start":{"line":642,"column":20},"end":{"line":642,"column":49}},"380":{"start":{"line":643,"column":8},"end":{"line":643,"column":19}},"381":{"start":{"line":645,"column":4},"end":{"line":654,"column":6}},"382":{"start":{"line":647,"column":8},"end":{"line":651,"column":9}},"383":{"start":{"line":648,"column":12},"end":{"line":648,"column":49}},"384":{"start":{"line":650,"column":12},"end":{"line":650,"column":27}},"385":{"start":{"line":652,"column":20},"end":{"line":652,"column":26}},"386":{"start":{"line":653,"column":8},"end":{"line":653,"column":19}},"387":{"start":{"line":655,"column":4},"end":{"line":664,"column":6}},"388":{"start":{"line":657,"column":8},"end":{"line":661,"column":9}},"389":{"start":{"line":658,"column":12},"end":{"line":658,"column":62}},"390":{"start":{"line":660,"column":12},"end":{"line":660,"column":27}},"391":{"start":{"line":662,"column":20},"end":{"line":662,"column":26}},"392":{"start":{"line":663,"column":8},"end":{"line":663,"column":19}},"393":{"start":{"line":665,"column":4},"end":{"line":674,"column":6}},"394":{"start":{"line":667,"column":8},"end":{"line":671,"column":9}},"395":{"start":{"line":668,"column":12},"end":{"line":668,"column":45}},"396":{"start":{"line":670,"column":12},"end":{"line":670,"column":27}},"397":{"start":{"line":672,"column":20},"end":{"line":672,"column":26}},"398":{"start":{"line":673,"column":8},"end":{"line":673,"column":19}},"399":{"start":{"line":675,"column":4},"end":{"line":684,"column":6}},"400":{"start":{"line":677,"column":8},"end":{"line":681,"column":9}},"401":{"start":{"line":678,"column":12},"end":{"line":678,"column":55}},"402":{"start":{"line":680,"column":12},"end":{"line":680,"column":27}},"403":{"start":{"line":682,"column":20},"end":{"line":682,"column":26}},"404":{"start":{"line":683,"column":8},"end":{"line":683,"column":19}},"405":{"start":{"line":685,"column":4},"end":{"line":694,"column":6}},"406":{"start":{"line":687,"column":8},"end":{"line":691,"column":9}},"407":{"start":{"line":688,"column":12},"end":{"line":688,"column":49}},"408":{"start":{"line":690,"column":12},"end":{"line":690,"column":27}},"409":{"start":{"line":692,"column":20},"end":{"line":692,"column":26}},"410":{"start":{"line":693,"column":8},"end":{"line":693,"column":19}},"411":{"start":{"line":695,"column":4},"end":{"line":704,"column":6}},"412":{"start":{"line":697,"column":8},"end":{"line":701,"column":9}},"413":{"start":{"line":698,"column":12},"end":{"line":698,"column":46}},"414":{"start":{"line":700,"column":12},"end":{"line":700,"column":27}},"415":{"start":{"line":702,"column":20},"end":{"line":702,"column":26}},"416":{"start":{"line":703,"column":8},"end":{"line":703,"column":19}},"417":{"start":{"line":705,"column":4},"end":{"line":714,"column":6}},"418":{"start":{"line":707,"column":8},"end":{"line":711,"column":9}},"419":{"start":{"line":708,"column":12},"end":{"line":708,"column":48}},"420":{"start":{"line":710,"column":12},"end":{"line":710,"column":27}},"421":{"start":{"line":712,"column":20},"end":{"line":712,"column":26}},"422":{"start":{"line":713,"column":8},"end":{"line":713,"column":19}},"423":{"start":{"line":715,"column":4},"end":{"line":724,"column":6}},"424":{"start":{"line":717,"column":8},"end":{"line":721,"column":9}},"425":{"start":{"line":718,"column":12},"end":{"line":718,"column":48}},"426":{"start":{"line":720,"column":12},"end":{"line":720,"column":27}},"427":{"start":{"line":722,"column":20},"end":{"line":722,"column":26}},"428":{"start":{"line":723,"column":8},"end":{"line":723,"column":19}},"429":{"start":{"line":725,"column":4},"end":{"line":734,"column":6}},"430":{"start":{"line":727,"column":8},"end":{"line":731,"column":9}},"431":{"start":{"line":728,"column":12},"end":{"line":728,"column":44}},"432":{"start":{"line":730,"column":12},"end":{"line":730,"column":27}},"433":{"start":{"line":732,"column":20},"end":{"line":732,"column":26}},"434":{"start":{"line":733,"column":8},"end":{"line":733,"column":19}},"435":{"start":{"line":735,"column":4},"end":{"line":738,"column":20}},"436":{"start":{"line":735,"column":61},"end":{"line":738,"column":17}},"437":{"start":{"line":736,"column":20},"end":{"line":736,"column":86}},"438":{"start":{"line":737,"column":8},"end":{"line":737,"column":19}},"439":{"start":{"line":739,"column":4},"end":{"line":742,"column":6}},"440":{"start":{"line":740,"column":20},"end":{"line":740,"column":39}},"441":{"start":{"line":741,"column":8},"end":{"line":741,"column":19}},"442":{"start":{"line":743,"column":4},"end":{"line":746,"column":6}},"443":{"start":{"line":744,"column":20},"end":{"line":744,"column":35}},"444":{"start":{"line":745,"column":8},"end":{"line":745,"column":19}},"445":{"start":{"line":747,"column":4},"end":{"line":750,"column":20}},"446":{"start":{"line":747,"column":59},"end":{"line":750,"column":17}},"447":{"start":{"line":748,"column":20},"end":{"line":748,"column":31}},"448":{"start":{"line":749,"column":8},"end":{"line":749,"column":19}},"449":{"start":{"line":751,"column":4},"end":{"line":757,"column":6}},"450":{"start":{"line":752,"column":20},"end":{"line":752,"column":28}},"451":{"start":{"line":753,"column":21},"end":{"line":753,"column":92}},"452":{"start":{"line":754,"column":21},"end":{"line":754,"column":36}},"453":{"start":{"line":755,"column":8},"end":{"line":755,"column":64}},"454":{"start":{"line":756,"column":8},"end":{"line":756,"column":64}},"455":{"start":{"line":758,"column":4},"end":{"line":761,"column":6}},"456":{"start":{"line":759,"column":20},"end":{"line":759,"column":31}},"457":{"start":{"line":760,"column":8},"end":{"line":760,"column":19}},"458":{"start":{"line":762,"column":4},"end":{"line":765,"column":6}},"459":{"start":{"line":763,"column":20},"end":{"line":763,"column":31}},"460":{"start":{"line":764,"column":8},"end":{"line":764,"column":19}},"461":{"start":{"line":766,"column":4},"end":{"line":769,"column":6}},"462":{"start":{"line":767,"column":20},"end":{"line":767,"column":33}},"463":{"start":{"line":768,"column":8},"end":{"line":768,"column":19}},"464":{"start":{"line":770,"column":4},"end":{"line":772,"column":6}},"465":{"start":{"line":771,"column":8},"end":{"line":771,"column":26}},"466":{"start":{"line":773,"column":4},"end":{"line":776,"column":6}},"467":{"start":{"line":774,"column":20},"end":{"line":774,"column":32}},"468":{"start":{"line":775,"column":8},"end":{"line":775,"column":19}},"469":{"start":{"line":777,"column":4},"end":{"line":780,"column":6}},"470":{"start":{"line":778,"column":20},"end":{"line":778,"column":31}},"471":{"start":{"line":779,"column":8},"end":{"line":779,"column":19}},"472":{"start":{"line":781,"column":4},"end":{"line":784,"column":6}},"473":{"start":{"line":782,"column":20},"end":{"line":782,"column":40}},"474":{"start":{"line":783,"column":8},"end":{"line":783,"column":19}},"475":{"start":{"line":785,"column":4},"end":{"line":788,"column":6}},"476":{"start":{"line":786,"column":20},"end":{"line":786,"column":31}},"477":{"start":{"line":787,"column":8},"end":{"line":787,"column":19}},"478":{"start":{"line":789,"column":4},"end":{"line":792,"column":6}},"479":{"start":{"line":790,"column":20},"end":{"line":790,"column":61}},"480":{"start":{"line":791,"column":8},"end":{"line":791,"column":19}},"481":{"start":{"line":793,"column":4},"end":{"line":810,"column":6}},"482":{"start":{"line":794,"column":8},"end":{"line":809,"column":9}},"483":{"start":{"line":795,"column":25},"end":{"line":795,"column":43}},"484":{"start":{"line":796,"column":22},"end":{"line":804,"column":13}},"485":{"start":{"line":797,"column":26},"end":{"line":797,"column":34}},"486":{"start":{"line":798,"column":16},"end":{"line":798,"column":29}},"487":{"start":{"line":799,"column":16},"end":{"line":803,"column":17}},"488":{"start":{"line":800,"column":20},"end":{"line":800,"column":114}},"489":{"start":{"line":802,"column":20},"end":{"line":802,"column":33}},"490":{"start":{"line":805,"column":24},"end":{"line":805,"column":40}},"491":{"start":{"line":806,"column":12},"end":{"line":806,"column":23}},"492":{"start":{"line":808,"column":12},"end":{"line":808,"column":36}},"493":{"start":{"line":811,"column":4},"end":{"line":814,"column":6}},"494":{"start":{"line":812,"column":20},"end":{"line":812,"column":64}},"495":{"start":{"line":813,"column":8},"end":{"line":813,"column":19}},"496":{"start":{"line":815,"column":4},"end":{"line":818,"column":6}},"497":{"start":{"line":816,"column":20},"end":{"line":816,"column":64}},"498":{"start":{"line":817,"column":8},"end":{"line":817,"column":19}},"499":{"start":{"line":819,"column":4},"end":{"line":822,"column":20}},"500":{"start":{"line":819,"column":76},"end":{"line":822,"column":17}},"501":{"start":{"line":820,"column":20},"end":{"line":820,"column":69}},"502":{"start":{"line":821,"column":8},"end":{"line":821,"column":19}},"503":{"start":{"line":823,"column":4},"end":{"line":826,"column":6}},"504":{"start":{"line":824,"column":20},"end":{"line":824,"column":29}},"505":{"start":{"line":825,"column":8},"end":{"line":825,"column":19}},"506":{"start":{"line":827,"column":4},"end":{"line":830,"column":20}},"507":{"start":{"line":827,"column":59},"end":{"line":830,"column":17}},"508":{"start":{"line":828,"column":20},"end":{"line":828,"column":31}},"509":{"start":{"line":829,"column":8},"end":{"line":829,"column":19}},"510":{"start":{"line":831,"column":4},"end":{"line":834,"column":6}},"511":{"start":{"line":832,"column":20},"end":{"line":832,"column":27}},"512":{"start":{"line":833,"column":8},"end":{"line":833,"column":19}},"513":{"start":{"line":835,"column":4},"end":{"line":838,"column":6}},"514":{"start":{"line":836,"column":20},"end":{"line":836,"column":35}},"515":{"start":{"line":837,"column":8},"end":{"line":837,"column":63}},"516":{"start":{"line":839,"column":4},"end":{"line":845,"column":20}},"517":{"start":{"line":839,"column":63},"end":{"line":845,"column":17}},"518":{"start":{"line":840,"column":20},"end":{"line":840,"column":33}},"519":{"start":{"line":841,"column":21},"end":{"line":841,"column":92}},"520":{"start":{"line":842,"column":21},"end":{"line":842,"column":36}},"521":{"start":{"line":843,"column":8},"end":{"line":843,"column":64}},"522":{"start":{"line":844,"column":8},"end":{"line":844,"column":64}},"523":{"start":{"line":846,"column":4},"end":{"line":848,"column":6}},"524":{"start":{"line":847,"column":8},"end":{"line":847,"column":77}},"525":{"start":{"line":849,"column":4},"end":{"line":852,"column":6}},"526":{"start":{"line":850,"column":20},"end":{"line":850,"column":39}},"527":{"start":{"line":851,"column":8},"end":{"line":851,"column":19}},"528":{"start":{"line":853,"column":4},"end":{"line":855,"column":6}},"529":{"start":{"line":854,"column":8},"end":{"line":854,"column":29}},"530":{"start":{"line":856,"column":4},"end":{"line":858,"column":20}},"531":{"start":{"line":856,"column":70},"end":{"line":858,"column":17}},"532":{"start":{"line":857,"column":8},"end":{"line":857,"column":61}},"533":{"start":{"line":859,"column":4},"end":{"line":861,"column":20}},"534":{"start":{"line":859,"column":74},"end":{"line":861,"column":17}},"535":{"start":{"line":860,"column":8},"end":{"line":860,"column":71}},"536":{"start":{"line":862,"column":4},"end":{"line":868,"column":20}},"537":{"start":{"line":862,"column":69},"end":{"line":868,"column":17}},"538":{"start":{"line":863,"column":20},"end":{"line":863,"column":71}},"539":{"start":{"line":864,"column":21},"end":{"line":864,"column":92}},"540":{"start":{"line":865,"column":21},"end":{"line":865,"column":36}},"541":{"start":{"line":866,"column":8},"end":{"line":866,"column":64}},"542":{"start":{"line":867,"column":8},"end":{"line":867,"column":64}},"543":{"start":{"line":869,"column":4},"end":{"line":871,"column":6}},"544":{"start":{"line":870,"column":8},"end":{"line":870,"column":22}},"545":{"start":{"line":872,"column":4},"end":{"line":874,"column":6}},"546":{"start":{"line":873,"column":8},"end":{"line":873,"column":22}},"547":{"start":{"line":875,"column":4},"end":{"line":878,"column":6}},"548":{"start":{"line":876,"column":20},"end":{"line":876,"column":41}},"549":{"start":{"line":877,"column":8},"end":{"line":877,"column":19}},"550":{"start":{"line":879,"column":4},"end":{"line":881,"column":20}},"551":{"start":{"line":879,"column":62},"end":{"line":881,"column":17}},"552":{"start":{"line":880,"column":8},"end":{"line":880,"column":33}},"553":{"start":{"line":882,"column":4},"end":{"line":884,"column":20}},"554":{"start":{"line":882,"column":67},"end":{"line":884,"column":17}},"555":{"start":{"line":883,"column":8},"end":{"line":883,"column":90}},"556":{"start":{"line":885,"column":4},"end":{"line":887,"column":20}},"557":{"start":{"line":885,"column":66},"end":{"line":887,"column":17}},"558":{"start":{"line":886,"column":8},"end":{"line":886,"column":89}},"559":{"start":{"line":888,"column":4},"end":{"line":890,"column":6}},"560":{"start":{"line":889,"column":8},"end":{"line":889,"column":50}},"561":{"start":{"line":891,"column":4},"end":{"line":893,"column":6}},"562":{"start":{"line":892,"column":8},"end":{"line":892,"column":26}},"563":{"start":{"line":894,"column":4},"end":{"line":897,"column":20}},"564":{"start":{"line":894,"column":58},"end":{"line":897,"column":17}},"565":{"start":{"line":895,"column":20},"end":{"line":895,"column":49}},"566":{"start":{"line":896,"column":8},"end":{"line":896,"column":19}},"567":{"start":{"line":898,"column":4},"end":{"line":900,"column":6}},"568":{"start":{"line":899,"column":8},"end":{"line":899,"column":32}},"569":{"start":{"line":901,"column":4},"end":{"line":903,"column":6}},"570":{"start":{"line":902,"column":8},"end":{"line":902,"column":56}},"571":{"start":{"line":904,"column":4},"end":{"line":906,"column":6}},"572":{"start":{"line":905,"column":8},"end":{"line":905,"column":53}},"573":{"start":{"line":907,"column":4},"end":{"line":909,"column":6}},"574":{"start":{"line":908,"column":8},"end":{"line":908,"column":54}},"575":{"start":{"line":910,"column":4},"end":{"line":912,"column":6}},"576":{"start":{"line":911,"column":8},"end":{"line":911,"column":81}},"577":{"start":{"line":913,"column":4},"end":{"line":919,"column":6}},"578":{"start":{"line":914,"column":20},"end":{"line":914,"column":30}},"579":{"start":{"line":915,"column":21},"end":{"line":915,"column":92}},"580":{"start":{"line":916,"column":21},"end":{"line":916,"column":36}},"581":{"start":{"line":917,"column":8},"end":{"line":917,"column":64}},"582":{"start":{"line":918,"column":8},"end":{"line":918,"column":64}},"583":{"start":{"line":920,"column":4},"end":{"line":923,"column":6}},"584":{"start":{"line":921,"column":20},"end":{"line":921,"column":39}},"585":{"start":{"line":922,"column":8},"end":{"line":922,"column":19}},"586":{"start":{"line":924,"column":4},"end":{"line":927,"column":6}},"587":{"start":{"line":925,"column":20},"end":{"line":925,"column":65}},"588":{"start":{"line":926,"column":8},"end":{"line":926,"column":63}},"589":{"start":{"line":928,"column":4},"end":{"line":931,"column":6}},"590":{"start":{"line":929,"column":20},"end":{"line":929,"column":73}},"591":{"start":{"line":930,"column":8},"end":{"line":930,"column":63}},"592":{"start":{"line":932,"column":4},"end":{"line":935,"column":6}},"593":{"start":{"line":933,"column":20},"end":{"line":933,"column":61}},"594":{"start":{"line":934,"column":8},"end":{"line":934,"column":63}},"595":{"start":{"line":936,"column":4},"end":{"line":939,"column":6}},"596":{"start":{"line":937,"column":20},"end":{"line":937,"column":65}},"597":{"start":{"line":938,"column":8},"end":{"line":938,"column":63}},"598":{"start":{"line":940,"column":4},"end":{"line":943,"column":6}},"599":{"start":{"line":941,"column":20},"end":{"line":941,"column":31}},"600":{"start":{"line":942,"column":8},"end":{"line":942,"column":19}},"601":{"start":{"line":944,"column":4},"end":{"line":947,"column":6}},"602":{"start":{"line":945,"column":20},"end":{"line":945,"column":30}},"603":{"start":{"line":946,"column":8},"end":{"line":946,"column":19}},"604":{"start":{"line":948,"column":4},"end":{"line":951,"column":6}},"605":{"start":{"line":949,"column":20},"end":{"line":949,"column":31}},"606":{"start":{"line":950,"column":8},"end":{"line":950,"column":63}},"607":{"start":{"line":952,"column":4},"end":{"line":955,"column":6}},"608":{"start":{"line":953,"column":20},"end":{"line":953,"column":41}},"609":{"start":{"line":954,"column":8},"end":{"line":954,"column":19}},"610":{"start":{"line":956,"column":4},"end":{"line":959,"column":6}},"611":{"start":{"line":957,"column":20},"end":{"line":957,"column":35}},"612":{"start":{"line":958,"column":8},"end":{"line":958,"column":19}},"613":{"start":{"line":960,"column":4},"end":{"line":966,"column":6}},"614":{"start":{"line":961,"column":20},"end":{"line":961,"column":30}},"615":{"start":{"line":962,"column":21},"end":{"line":962,"column":92}},"616":{"start":{"line":963,"column":21},"end":{"line":963,"column":36}},"617":{"start":{"line":964,"column":8},"end":{"line":964,"column":64}},"618":{"start":{"line":965,"column":8},"end":{"line":965,"column":64}},"619":{"start":{"line":967,"column":4},"end":{"line":970,"column":6}},"620":{"start":{"line":968,"column":20},"end":{"line":968,"column":30}},"621":{"start":{"line":969,"column":8},"end":{"line":969,"column":19}},"622":{"start":{"line":971,"column":4},"end":{"line":974,"column":6}},"623":{"start":{"line":972,"column":20},"end":{"line":972,"column":29}},"624":{"start":{"line":973,"column":8},"end":{"line":973,"column":63}},"625":{"start":{"line":975,"column":4},"end":{"line":979,"column":6}},"626":{"start":{"line":977,"column":20},"end":{"line":977,"column":50}},"627":{"start":{"line":978,"column":8},"end":{"line":978,"column":19}},"628":{"start":{"line":980,"column":4},"end":{"line":984,"column":6}},"629":{"start":{"line":982,"column":20},"end":{"line":982,"column":24}},"630":{"start":{"line":983,"column":8},"end":{"line":983,"column":19}},"631":{"start":{"line":985,"column":4},"end":{"line":989,"column":6}},"632":{"start":{"line":987,"column":20},"end":{"line":987,"column":165}},"633":{"start":{"line":988,"column":8},"end":{"line":988,"column":19}},"634":{"start":{"line":990,"column":4},"end":{"line":994,"column":6}},"635":{"start":{"line":992,"column":20},"end":{"line":992,"column":165}},"636":{"start":{"line":993,"column":8},"end":{"line":993,"column":19}},"637":{"start":{"line":995,"column":4},"end":{"line":999,"column":6}},"638":{"start":{"line":997,"column":20},"end":{"line":997,"column":24}},"639":{"start":{"line":998,"column":8},"end":{"line":998,"column":19}},"640":{"start":{"line":1000,"column":4},"end":{"line":1008,"column":6}},"641":{"start":{"line":1001,"column":22},"end":{"line":1001,"column":48}},"642":{"start":{"line":1002,"column":23},"end":{"line":1002,"column":36}},"643":{"start":{"line":1003,"column":8},"end":{"line":1003,"column":32}},"644":{"start":{"line":1004,"column":8},"end":{"line":1004,"column":41}},"645":{"start":{"line":1005,"column":8},"end":{"line":1005,"column":36}},"646":{"start":{"line":1006,"column":8},"end":{"line":1006,"column":36}},"647":{"start":{"line":1007,"column":8},"end":{"line":1007,"column":37}},"648":{"start":{"line":1010,"column":4},"end":{"line":1010,"column":19}},"649":{"start":{"line":1014,"column":4},"end":{"line":1014,"column":28}},"650":{"start":{"line":1015,"column":4},"end":{"line":1015,"column":47}},"651":{"start":{"line":1016,"column":4},"end":{"line":1016,"column":33}},"652":{"start":{"line":1017,"column":4},"end":{"line":1017,"column":35}},"653":{"start":{"line":1020,"column":4},"end":{"line":1020,"column":28}},"654":{"start":{"line":1021,"column":4},"end":{"line":1021,"column":16}},"655":{"start":{"line":1025,"column":4},"end":{"line":1025,"column":40}},"656":{"start":{"line":1025,"column":28},"end":{"line":1025,"column":40}},"657":{"start":{"line":1028,"column":4},"end":{"line":1034,"column":5}},"658":{"start":{"line":1029,"column":8},"end":{"line":1033,"column":9}},"659":{"start":{"line":1030,"column":12},"end":{"line":1030,"column":31}},"660":{"start":{"line":1032,"column":12},"end":{"line":1032,"column":102}},"661":{"start":{"line":1036,"column":20},"end":{"line":1036,"column":39}},"662":{"start":{"line":1037,"column":4},"end":{"line":1039,"column":5}},"663":{"start":{"line":1038,"column":8},"end":{"line":1038,"column":48}},"664":{"start":{"line":1040,"column":21},"end":{"line":1040,"column":62}},"665":{"start":{"line":1041,"column":4},"end":{"line":1041,"column":49}},"666":{"start":{"line":1045,"column":4},"end":{"line":1045,"column":40}},"667":{"start":{"line":1045,"column":28},"end":{"line":1045,"column":40}},"668":{"start":{"line":1048,"column":4},"end":{"line":1054,"column":5}},"669":{"start":{"line":1049,"column":8},"end":{"line":1053,"column":9}},"670":{"start":{"line":1050,"column":12},"end":{"line":1050,"column":47}},"671":{"start":{"line":1052,"column":12},"end":{"line":1052,"column":117}},"672":{"start":{"line":1056,"column":4},"end":{"line":1058,"column":5}},"673":{"start":{"line":1057,"column":8},"end":{"line":1057,"column":74}},"674":{"start":{"line":1059,"column":20},"end":{"line":1059,"column":39}},"675":{"start":{"line":1061,"column":4},"end":{"line":1063,"column":5}},"676":{"start":{"line":1062,"column":8},"end":{"line":1062,"column":47}},"677":{"start":{"line":1065,"column":33},"end":{"line":1065,"column":80}},"678":{"start":{"line":1067,"column":4},"end":{"line":1067,"column":49}}},"fnMap":{"0":{"name":"addToExternrefTable0","decl":{"start":{"line":3,"column":9},"end":{"line":3,"column":29}},"loc":{"start":{"line":3,"column":35},"end":{"line":7,"column":1}},"line":3},"1":{"name":"(anonymous_1)","decl":{"start":{"line":10,"column":18},"end":{"line":10,"column":19}},"loc":{"start":{"line":10,"column":24},"end":{"line":10,"column":26}},"line":10},"2":{"name":"(anonymous_2)","decl":{"start":{"line":10,"column":40},"end":{"line":10,"column":41}},"loc":{"start":{"line":10,"column":46},"end":{"line":10,"column":48}},"line":10},"3":{"name":"(anonymous_3)","decl":{"start":{"line":11,"column":31},"end":{"line":11,"column":32}},"loc":{"start":{"line":11,"column":40},"end":{"line":11,"column":68}},"line":11},"4":{"name":"debugString","decl":{"start":{"line":13,"column":9},"end":{"line":13,"column":20}},"loc":{"start":{"line":13,"column":26},"end":{"line":76,"column":1}},"line":13},"5":{"name":"getArrayU8FromWasm0","decl":{"start":{"line":78,"column":9},"end":{"line":78,"column":28}},"loc":{"start":{"line":78,"column":39},"end":{"line":81,"column":1}},"line":78},"6":{"name":"getDataViewMemory0","decl":{"start":{"line":84,"column":9},"end":{"line":84,"column":27}},"loc":{"start":{"line":84,"column":30},"end":{"line":89,"column":1}},"line":84},"7":{"name":"getStringFromWasm0","decl":{"start":{"line":91,"column":9},"end":{"line":91,"column":27}},"loc":{"start":{"line":91,"column":38},"end":{"line":94,"column":1}},"line":91},"8":{"name":"getUint8ArrayMemory0","decl":{"start":{"line":97,"column":9},"end":{"line":97,"column":29}},"loc":{"start":{"line":97,"column":32},"end":{"line":102,"column":1}},"line":97},"9":{"name":"handleError","decl":{"start":{"line":104,"column":9},"end":{"line":104,"column":20}},"loc":{"start":{"line":104,"column":30},"end":{"line":111,"column":1}},"line":104},"10":{"name":"isLikeNone","decl":{"start":{"line":113,"column":9},"end":{"line":113,"column":19}},"loc":{"start":{"line":113,"column":23},"end":{"line":115,"column":1}},"line":113},"11":{"name":"makeMutClosure","decl":{"start":{"line":117,"column":9},"end":{"line":117,"column":23}},"loc":{"start":{"line":117,"column":45},"end":{"line":143,"column":1}},"line":117},"12":{"name":"(anonymous_12)","decl":{"start":{"line":119,"column":17},"end":{"line":119,"column":18}},"loc":{"start":{"line":119,"column":30},"end":{"line":133,"column":5}},"line":119},"13":{"name":"(anonymous_13)","decl":{"start":{"line":134,"column":25},"end":{"line":134,"column":26}},"loc":{"start":{"line":134,"column":31},"end":{"line":140,"column":5}},"line":134},"14":{"name":"passStringToWasm0","decl":{"start":{"line":145,"column":9},"end":{"line":145,"column":26}},"loc":{"start":{"line":145,"column":49},"end":{"line":180,"column":1}},"line":145},"15":{"name":"takeFromExternrefTable0","decl":{"start":{"line":182,"column":9},"end":{"line":182,"column":32}},"loc":{"start":{"line":182,"column":38},"end":{"line":186,"column":1}},"line":182},"16":{"name":"decodeText","decl":{"start":{"line":192,"column":9},"end":{"line":192,"column":19}},"loc":{"start":{"line":192,"column":30},"end":{"line":200,"column":1}},"line":192},"17":{"name":"(anonymous_17)","decl":{"start":{"line":205,"column":35},"end":{"line":205,"column":36}},"loc":{"start":{"line":205,"column":56},"end":{"line":212,"column":5}},"line":205},"18":{"name":"wasm_bindgen__convert__closures_____invoke__h0d5832d974775407","decl":{"start":{"line":217,"column":9},"end":{"line":217,"column":70}},"loc":{"start":{"line":217,"column":89},"end":{"line":219,"column":1}},"line":217},"19":{"name":"wasm_bindgen__convert__closures_____invoke__h5512ea36572b97d1","decl":{"start":{"line":221,"column":9},"end":{"line":221,"column":70}},"loc":{"start":{"line":221,"column":89},"end":{"line":223,"column":1}},"line":221},"20":{"name":"wasm_bindgen__convert__closures_____invoke__h2e20166fcc7e809e","decl":{"start":{"line":225,"column":9},"end":{"line":225,"column":70}},"loc":{"start":{"line":225,"column":95},"end":{"line":227,"column":1}},"line":225},"21":{"name":"(anonymous_21)","decl":{"start":{"line":234,"column":18},"end":{"line":234,"column":19}},"loc":{"start":{"line":234,"column":24},"end":{"line":234,"column":26}},"line":234},"22":{"name":"(anonymous_22)","decl":{"start":{"line":234,"column":40},"end":{"line":234,"column":41}},"loc":{"start":{"line":234,"column":46},"end":{"line":234,"column":48}},"line":234},"23":{"name":"(anonymous_23)","decl":{"start":{"line":235,"column":31},"end":{"line":235,"column":32}},"loc":{"start":{"line":235,"column":38},"end":{"line":235,"column":92}},"line":235},"24":{"name":"(anonymous_24)","decl":{"start":{"line":238,"column":18},"end":{"line":238,"column":19}},"loc":{"start":{"line":238,"column":24},"end":{"line":238,"column":26}},"line":238},"25":{"name":"(anonymous_25)","decl":{"start":{"line":238,"column":40},"end":{"line":238,"column":41}},"loc":{"start":{"line":238,"column":46},"end":{"line":238,"column":48}},"line":238},"26":{"name":"(anonymous_26)","decl":{"start":{"line":239,"column":31},"end":{"line":239,"column":32}},"loc":{"start":{"line":239,"column":38},"end":{"line":239,"column":86}},"line":239},"27":{"name":"(anonymous_27)","decl":{"start":{"line":242,"column":18},"end":{"line":242,"column":19}},"loc":{"start":{"line":242,"column":24},"end":{"line":242,"column":26}},"line":242},"28":{"name":"(anonymous_28)","decl":{"start":{"line":242,"column":40},"end":{"line":242,"column":41}},"loc":{"start":{"line":242,"column":46},"end":{"line":242,"column":48}},"line":242},"29":{"name":"(anonymous_29)","decl":{"start":{"line":243,"column":31},"end":{"line":243,"column":32}},"loc":{"start":{"line":243,"column":38},"end":{"line":243,"column":88}},"line":243},"30":{"name":"(anonymous_30)","decl":{"start":{"line":246,"column":18},"end":{"line":246,"column":19}},"loc":{"start":{"line":246,"column":24},"end":{"line":246,"column":26}},"line":246},"31":{"name":"(anonymous_31)","decl":{"start":{"line":246,"column":40},"end":{"line":246,"column":41}},"loc":{"start":{"line":246,"column":46},"end":{"line":246,"column":48}},"line":246},"32":{"name":"(anonymous_32)","decl":{"start":{"line":247,"column":31},"end":{"line":247,"column":32}},"loc":{"start":{"line":247,"column":38},"end":{"line":247,"column":82}},"line":247},"33":{"name":"(anonymous_33)","decl":{"start":{"line":250,"column":4},"end":{"line":250,"column":5}},"loc":{"start":{"line":250,"column":25},"end":{"line":255,"column":5}},"line":250},"34":{"name":"(anonymous_34)","decl":{"start":{"line":256,"column":4},"end":{"line":256,"column":5}},"loc":{"start":{"line":256,"column":11},"end":{"line":259,"column":5}},"line":256},"35":{"name":"(anonymous_35)","decl":{"start":{"line":263,"column":4},"end":{"line":263,"column":5}},"loc":{"start":{"line":263,"column":32},"end":{"line":266,"column":5}},"line":263},"36":{"name":"(anonymous_36)","decl":{"start":{"line":271,"column":4},"end":{"line":271,"column":5}},"loc":{"start":{"line":271,"column":21},"end":{"line":274,"column":5}},"line":271},"37":{"name":"(anonymous_37)","decl":{"start":{"line":278,"column":4},"end":{"line":278,"column":5}},"loc":{"start":{"line":278,"column":22},"end":{"line":280,"column":5}},"line":278},"38":{"name":"(anonymous_38)","decl":{"start":{"line":284,"column":4},"end":{"line":284,"column":5}},"loc":{"start":{"line":284,"column":15},"end":{"line":287,"column":5}},"line":284},"39":{"name":"(anonymous_39)","decl":{"start":{"line":288,"column":4},"end":{"line":288,"column":5}},"loc":{"start":{"line":288,"column":13},"end":{"line":291,"column":5}},"line":288},"40":{"name":"(anonymous_40)","decl":{"start":{"line":296,"column":4},"end":{"line":296,"column":5}},"loc":{"start":{"line":296,"column":25},"end":{"line":301,"column":5}},"line":296},"41":{"name":"(anonymous_41)","decl":{"start":{"line":302,"column":4},"end":{"line":302,"column":5}},"loc":{"start":{"line":302,"column":11},"end":{"line":305,"column":5}},"line":302},"42":{"name":"(anonymous_42)","decl":{"start":{"line":310,"column":4},"end":{"line":310,"column":5}},"loc":{"start":{"line":310,"column":18},"end":{"line":314,"column":5}},"line":310},"43":{"name":"(anonymous_43)","decl":{"start":{"line":318,"column":4},"end":{"line":318,"column":5}},"loc":{"start":{"line":318,"column":12},"end":{"line":322,"column":5}},"line":318},"44":{"name":"(anonymous_44)","decl":{"start":{"line":327,"column":4},"end":{"line":327,"column":5}},"loc":{"start":{"line":327,"column":17},"end":{"line":330,"column":5}},"line":327},"45":{"name":"(anonymous_45)","decl":{"start":{"line":335,"column":4},"end":{"line":335,"column":5}},"loc":{"start":{"line":335,"column":25},"end":{"line":340,"column":5}},"line":335},"46":{"name":"(anonymous_46)","decl":{"start":{"line":341,"column":4},"end":{"line":341,"column":5}},"loc":{"start":{"line":341,"column":11},"end":{"line":344,"column":5}},"line":341},"47":{"name":"(anonymous_47)","decl":{"start":{"line":349,"column":4},"end":{"line":349,"column":5}},"loc":{"start":{"line":349,"column":21},"end":{"line":352,"column":5}},"line":349},"48":{"name":"(anonymous_48)","decl":{"start":{"line":353,"column":4},"end":{"line":353,"column":5}},"loc":{"start":{"line":353,"column":13},"end":{"line":356,"column":5}},"line":353},"49":{"name":"(anonymous_49)","decl":{"start":{"line":361,"column":4},"end":{"line":361,"column":5}},"loc":{"start":{"line":361,"column":25},"end":{"line":366,"column":5}},"line":361},"50":{"name":"(anonymous_50)","decl":{"start":{"line":367,"column":4},"end":{"line":367,"column":5}},"loc":{"start":{"line":367,"column":11},"end":{"line":370,"column":5}},"line":367},"51":{"name":"(anonymous_51)","decl":{"start":{"line":374,"column":4},"end":{"line":374,"column":5}},"loc":{"start":{"line":374,"column":29},"end":{"line":381,"column":5}},"line":374},"52":{"name":"get_test_file_tree","decl":{"start":{"line":389,"column":16},"end":{"line":389,"column":34}},"loc":{"start":{"line":389,"column":37},"end":{"line":392,"column":1}},"line":389},"53":{"name":"init_berry_editor","decl":{"start":{"line":397,"column":16},"end":{"line":397,"column":33}},"loc":{"start":{"line":397,"column":36},"end":{"line":399,"column":1}},"line":397},"54":{"name":"__wbg_load","decl":{"start":{"line":403,"column":15},"end":{"line":403,"column":25}},"loc":{"start":{"line":403,"column":43},"end":{"line":431,"column":1}},"line":403},"55":{"name":"__wbg_get_imports","decl":{"start":{"line":433,"column":9},"end":{"line":433,"column":26}},"loc":{"start":{"line":433,"column":29},"end":{"line":1011,"column":1}},"line":433},"56":{"name":"(anonymous_56)","decl":{"start":{"line":436,"column":47},"end":{"line":436,"column":48}},"loc":{"start":{"line":436,"column":68},"end":{"line":439,"column":5}},"line":436},"57":{"name":"(anonymous_57)","decl":{"start":{"line":440,"column":48},"end":{"line":440,"column":49}},"loc":{"start":{"line":440,"column":69},"end":{"line":446,"column":5}},"line":440},"58":{"name":"(anonymous_58)","decl":{"start":{"line":447,"column":64},"end":{"line":447,"column":65}},"loc":{"start":{"line":447,"column":79},"end":{"line":451,"column":5}},"line":447},"59":{"name":"(anonymous_59)","decl":{"start":{"line":452,"column":65},"end":{"line":452,"column":66}},"loc":{"start":{"line":452,"column":86},"end":{"line":458,"column":5}},"line":452},"60":{"name":"(anonymous_60)","decl":{"start":{"line":459,"column":55},"end":{"line":459,"column":56}},"loc":{"start":{"line":459,"column":76},"end":{"line":462,"column":5}},"line":459},"61":{"name":"(anonymous_61)","decl":{"start":{"line":463,"column":61},"end":{"line":463,"column":62}},"loc":{"start":{"line":463,"column":76},"end":{"line":466,"column":5}},"line":463},"62":{"name":"(anonymous_62)","decl":{"start":{"line":467,"column":64},"end":{"line":467,"column":65}},"loc":{"start":{"line":467,"column":79},"end":{"line":470,"column":5}},"line":467},"63":{"name":"(anonymous_63)","decl":{"start":{"line":471,"column":60},"end":{"line":471,"column":61}},"loc":{"start":{"line":471,"column":75},"end":{"line":474,"column":5}},"line":471},"64":{"name":"(anonymous_64)","decl":{"start":{"line":475,"column":62},"end":{"line":475,"column":63}},"loc":{"start":{"line":475,"column":77},"end":{"line":479,"column":5}},"line":475},"65":{"name":"(anonymous_65)","decl":{"start":{"line":480,"column":65},"end":{"line":480,"column":66}},"loc":{"start":{"line":480,"column":80},"end":{"line":483,"column":5}},"line":480},"66":{"name":"(anonymous_66)","decl":{"start":{"line":484,"column":67},"end":{"line":484,"column":68}},"loc":{"start":{"line":484,"column":88},"end":{"line":487,"column":5}},"line":484},"67":{"name":"(anonymous_67)","decl":{"start":{"line":488,"column":63},"end":{"line":488,"column":64}},"loc":{"start":{"line":488,"column":84},"end":{"line":493,"column":5}},"line":488},"68":{"name":"(anonymous_68)","decl":{"start":{"line":494,"column":63},"end":{"line":494,"column":64}},"loc":{"start":{"line":494,"column":84},"end":{"line":501,"column":5}},"line":494},"69":{"name":"(anonymous_69)","decl":{"start":{"line":502,"column":58},"end":{"line":502,"column":59}},"loc":{"start":{"line":502,"column":79},"end":{"line":504,"column":5}},"line":502},"70":{"name":"(anonymous_70)","decl":{"start":{"line":505,"column":55},"end":{"line":505,"column":56}},"loc":{"start":{"line":505,"column":70},"end":{"line":507,"column":5}},"line":505},"71":{"name":"(anonymous_71)","decl":{"start":{"line":508,"column":58},"end":{"line":508,"column":59}},"loc":{"start":{"line":508,"column":69},"end":{"line":510,"column":19}},"line":508},"72":{"name":"(anonymous_72)","decl":{"start":{"line":508,"column":90},"end":{"line":508,"column":91}},"loc":{"start":{"line":508,"column":124},"end":{"line":510,"column":5}},"line":508},"73":{"name":"(anonymous_73)","decl":{"start":{"line":511,"column":48},"end":{"line":511,"column":49}},"loc":{"start":{"line":511,"column":63},"end":{"line":514,"column":5}},"line":511},"74":{"name":"(anonymous_74)","decl":{"start":{"line":515,"column":53},"end":{"line":515,"column":54}},"loc":{"start":{"line":515,"column":68},"end":{"line":518,"column":5}},"line":515},"75":{"name":"(anonymous_75)","decl":{"start":{"line":519,"column":52},"end":{"line":519,"column":53}},"loc":{"start":{"line":519,"column":67},"end":{"line":522,"column":5}},"line":519},"76":{"name":"(anonymous_76)","decl":{"start":{"line":523,"column":52},"end":{"line":523,"column":53}},"loc":{"start":{"line":523,"column":67},"end":{"line":526,"column":5}},"line":523},"77":{"name":"(anonymous_77)","decl":{"start":{"line":527,"column":46},"end":{"line":527,"column":47}},"loc":{"start":{"line":527,"column":57},"end":{"line":530,"column":19}},"line":527},"78":{"name":"(anonymous_78)","decl":{"start":{"line":527,"column":78},"end":{"line":527,"column":79}},"loc":{"start":{"line":527,"column":106},"end":{"line":530,"column":5}},"line":527},"79":{"name":"(anonymous_79)","decl":{"start":{"line":531,"column":46},"end":{"line":531,"column":47}},"loc":{"start":{"line":531,"column":57},"end":{"line":534,"column":19}},"line":531},"80":{"name":"(anonymous_80)","decl":{"start":{"line":531,"column":78},"end":{"line":531,"column":79}},"loc":{"start":{"line":531,"column":100},"end":{"line":534,"column":5}},"line":531},"81":{"name":"(anonymous_81)","decl":{"start":{"line":535,"column":54},"end":{"line":535,"column":55}},"loc":{"start":{"line":535,"column":69},"end":{"line":538,"column":5}},"line":535},"82":{"name":"(anonymous_82)","decl":{"start":{"line":539,"column":51},"end":{"line":539,"column":52}},"loc":{"start":{"line":539,"column":62},"end":{"line":542,"column":19}},"line":539},"83":{"name":"(anonymous_83)","decl":{"start":{"line":539,"column":83},"end":{"line":539,"column":84}},"loc":{"start":{"line":539,"column":105},"end":{"line":542,"column":5}},"line":539},"84":{"name":"(anonymous_84)","decl":{"start":{"line":543,"column":51},"end":{"line":543,"column":52}},"loc":{"start":{"line":543,"column":62},"end":{"line":546,"column":19}},"line":543},"85":{"name":"(anonymous_85)","decl":{"start":{"line":543,"column":83},"end":{"line":543,"column":84}},"loc":{"start":{"line":543,"column":99},"end":{"line":546,"column":5}},"line":543},"86":{"name":"(anonymous_86)","decl":{"start":{"line":547,"column":47},"end":{"line":547,"column":48}},"loc":{"start":{"line":547,"column":58},"end":{"line":549,"column":19}},"line":547},"87":{"name":"(anonymous_87)","decl":{"start":{"line":547,"column":79},"end":{"line":547,"column":80}},"loc":{"start":{"line":547,"column":95},"end":{"line":549,"column":5}},"line":547},"88":{"name":"(anonymous_88)","decl":{"start":{"line":550,"column":47},"end":{"line":550,"column":48}},"loc":{"start":{"line":550,"column":58},"end":{"line":552,"column":19}},"line":550},"89":{"name":"(anonymous_89)","decl":{"start":{"line":550,"column":79},"end":{"line":550,"column":80}},"loc":{"start":{"line":550,"column":95},"end":{"line":552,"column":5}},"line":550},"90":{"name":"(anonymous_90)","decl":{"start":{"line":553,"column":54},"end":{"line":553,"column":55}},"loc":{"start":{"line":553,"column":69},"end":{"line":556,"column":5}},"line":553},"91":{"name":"(anonymous_91)","decl":{"start":{"line":557,"column":49},"end":{"line":557,"column":50}},"loc":{"start":{"line":557,"column":64},"end":{"line":560,"column":5}},"line":557},"92":{"name":"(anonymous_92)","decl":{"start":{"line":561,"column":55},"end":{"line":561,"column":56}},"loc":{"start":{"line":561,"column":82},"end":{"line":564,"column":5}},"line":561},"93":{"name":"(anonymous_93)","decl":{"start":{"line":565,"column":57},"end":{"line":565,"column":58}},"loc":{"start":{"line":565,"column":68},"end":{"line":568,"column":19}},"line":565},"94":{"name":"(anonymous_94)","decl":{"start":{"line":565,"column":89},"end":{"line":565,"column":90}},"loc":{"start":{"line":565,"column":129},"end":{"line":568,"column":5}},"line":565},"95":{"name":"(anonymous_95)","decl":{"start":{"line":569,"column":55},"end":{"line":569,"column":56}},"loc":{"start":{"line":569,"column":66},"end":{"line":572,"column":19}},"line":569},"96":{"name":"(anonymous_96)","decl":{"start":{"line":569,"column":87},"end":{"line":569,"column":88}},"loc":{"start":{"line":569,"column":115},"end":{"line":572,"column":5}},"line":569},"97":{"name":"(anonymous_97)","decl":{"start":{"line":573,"column":56},"end":{"line":573,"column":57}},"loc":{"start":{"line":573,"column":83},"end":{"line":576,"column":5}},"line":573},"98":{"name":"(anonymous_98)","decl":{"start":{"line":577,"column":56},"end":{"line":577,"column":57}},"loc":{"start":{"line":577,"column":67},"end":{"line":580,"column":19}},"line":577},"99":{"name":"(anonymous_99)","decl":{"start":{"line":577,"column":88},"end":{"line":577,"column":89}},"loc":{"start":{"line":577,"column":110},"end":{"line":580,"column":5}},"line":577},"100":{"name":"(anonymous_100)","decl":{"start":{"line":581,"column":50},"end":{"line":581,"column":51}},"loc":{"start":{"line":581,"column":65},"end":{"line":584,"column":5}},"line":581},"101":{"name":"(anonymous_101)","decl":{"start":{"line":585,"column":46},"end":{"line":585,"column":47}},"loc":{"start":{"line":585,"column":61},"end":{"line":588,"column":5}},"line":585},"102":{"name":"(anonymous_102)","decl":{"start":{"line":589,"column":49},"end":{"line":589,"column":50}},"loc":{"start":{"line":589,"column":60},"end":{"line":591,"column":19}},"line":589},"103":{"name":"(anonymous_103)","decl":{"start":{"line":589,"column":81},"end":{"line":589,"column":82}},"loc":{"start":{"line":589,"column":103},"end":{"line":591,"column":5}},"line":589},"104":{"name":"(anonymous_104)","decl":{"start":{"line":592,"column":47},"end":{"line":592,"column":48}},"loc":{"start":{"line":592,"column":68},"end":{"line":602,"column":5}},"line":592},"105":{"name":"(anonymous_105)","decl":{"start":{"line":603,"column":47},"end":{"line":603,"column":48}},"loc":{"start":{"line":603,"column":62},"end":{"line":605,"column":5}},"line":603},"106":{"name":"(anonymous_106)","decl":{"start":{"line":606,"column":47},"end":{"line":606,"column":48}},"loc":{"start":{"line":606,"column":68},"end":{"line":609,"column":5}},"line":606},"107":{"name":"(anonymous_107)","decl":{"start":{"line":610,"column":59},"end":{"line":610,"column":60}},"loc":{"start":{"line":610,"column":74},"end":{"line":613,"column":5}},"line":610},"108":{"name":"(anonymous_108)","decl":{"start":{"line":614,"column":52},"end":{"line":614,"column":53}},"loc":{"start":{"line":614,"column":63},"end":{"line":617,"column":19}},"line":614},"109":{"name":"(anonymous_109)","decl":{"start":{"line":614,"column":84},"end":{"line":614,"column":85}},"loc":{"start":{"line":614,"column":112},"end":{"line":617,"column":5}},"line":614},"110":{"name":"(anonymous_110)","decl":{"start":{"line":618,"column":56},"end":{"line":618,"column":57}},"loc":{"start":{"line":618,"column":83},"end":{"line":621,"column":5}},"line":618},"111":{"name":"(anonymous_111)","decl":{"start":{"line":622,"column":57},"end":{"line":622,"column":58}},"loc":{"start":{"line":622,"column":68},"end":{"line":624,"column":19}},"line":622},"112":{"name":"(anonymous_112)","decl":{"start":{"line":622,"column":89},"end":{"line":622,"column":90}},"loc":{"start":{"line":622,"column":111},"end":{"line":624,"column":5}},"line":622},"113":{"name":"(anonymous_113)","decl":{"start":{"line":625,"column":45},"end":{"line":625,"column":46}},"loc":{"start":{"line":625,"column":66},"end":{"line":628,"column":5}},"line":625},"114":{"name":"(anonymous_114)","decl":{"start":{"line":629,"column":45},"end":{"line":629,"column":46}},"loc":{"start":{"line":629,"column":56},"end":{"line":632,"column":19}},"line":629},"115":{"name":"(anonymous_115)","decl":{"start":{"line":629,"column":77},"end":{"line":629,"column":78}},"loc":{"start":{"line":629,"column":99},"end":{"line":632,"column":5}},"line":629},"116":{"name":"(anonymous_116)","decl":{"start":{"line":633,"column":58},"end":{"line":633,"column":59}},"loc":{"start":{"line":633,"column":79},"end":{"line":636,"column":5}},"line":633},"117":{"name":"(anonymous_117)","decl":{"start":{"line":637,"column":46},"end":{"line":637,"column":47}},"loc":{"start":{"line":637,"column":61},"end":{"line":640,"column":5}},"line":637},"118":{"name":"(anonymous_118)","decl":{"start":{"line":641,"column":54},"end":{"line":641,"column":55}},"loc":{"start":{"line":641,"column":65},"end":{"line":644,"column":19}},"line":641},"119":{"name":"(anonymous_119)","decl":{"start":{"line":641,"column":86},"end":{"line":641,"column":87}},"loc":{"start":{"line":641,"column":114},"end":{"line":644,"column":5}},"line":641},"120":{"name":"(anonymous_120)","decl":{"start":{"line":645,"column":64},"end":{"line":645,"column":65}},"loc":{"start":{"line":645,"column":79},"end":{"line":654,"column":5}},"line":645},"121":{"name":"(anonymous_121)","decl":{"start":{"line":655,"column":77},"end":{"line":655,"column":78}},"loc":{"start":{"line":655,"column":92},"end":{"line":664,"column":5}},"line":655},"122":{"name":"(anonymous_122)","decl":{"start":{"line":665,"column":60},"end":{"line":665,"column":61}},"loc":{"start":{"line":665,"column":75},"end":{"line":674,"column":5}},"line":665},"123":{"name":"(anonymous_123)","decl":{"start":{"line":675,"column":70},"end":{"line":675,"column":71}},"loc":{"start":{"line":675,"column":85},"end":{"line":684,"column":5}},"line":675},"124":{"name":"(anonymous_124)","decl":{"start":{"line":685,"column":64},"end":{"line":685,"column":65}},"loc":{"start":{"line":685,"column":79},"end":{"line":694,"column":5}},"line":685},"125":{"name":"(anonymous_125)","decl":{"start":{"line":695,"column":61},"end":{"line":695,"column":62}},"loc":{"start":{"line":695,"column":76},"end":{"line":704,"column":5}},"line":695},"126":{"name":"(anonymous_126)","decl":{"start":{"line":705,"column":63},"end":{"line":705,"column":64}},"loc":{"start":{"line":705,"column":78},"end":{"line":714,"column":5}},"line":705},"127":{"name":"(anonymous_127)","decl":{"start":{"line":715,"column":63},"end":{"line":715,"column":64}},"loc":{"start":{"line":715,"column":78},"end":{"line":724,"column":5}},"line":715},"128":{"name":"(anonymous_128)","decl":{"start":{"line":725,"column":59},"end":{"line":725,"column":60}},"loc":{"start":{"line":725,"column":74},"end":{"line":734,"column":5}},"line":725},"129":{"name":"(anonymous_129)","decl":{"start":{"line":735,"column":48},"end":{"line":735,"column":49}},"loc":{"start":{"line":735,"column":59},"end":{"line":738,"column":19}},"line":735},"130":{"name":"(anonymous_130)","decl":{"start":{"line":735,"column":80},"end":{"line":735,"column":81}},"loc":{"start":{"line":735,"column":108},"end":{"line":738,"column":5}},"line":735},"131":{"name":"(anonymous_131)","decl":{"start":{"line":739,"column":49},"end":{"line":739,"column":50}},"loc":{"start":{"line":739,"column":64},"end":{"line":742,"column":5}},"line":739},"132":{"name":"(anonymous_132)","decl":{"start":{"line":743,"column":50},"end":{"line":743,"column":51}},"loc":{"start":{"line":743,"column":61},"end":{"line":746,"column":5}},"line":743},"133":{"name":"(anonymous_133)","decl":{"start":{"line":747,"column":46},"end":{"line":747,"column":47}},"loc":{"start":{"line":747,"column":57},"end":{"line":750,"column":19}},"line":747},"134":{"name":"(anonymous_134)","decl":{"start":{"line":747,"column":78},"end":{"line":747,"column":79}},"loc":{"start":{"line":747,"column":94},"end":{"line":750,"column":5}},"line":747},"135":{"name":"(anonymous_135)","decl":{"start":{"line":751,"column":45},"end":{"line":751,"column":46}},"loc":{"start":{"line":751,"column":66},"end":{"line":757,"column":5}},"line":751},"136":{"name":"(anonymous_136)","decl":{"start":{"line":758,"column":48},"end":{"line":758,"column":49}},"loc":{"start":{"line":758,"column":63},"end":{"line":761,"column":5}},"line":758},"137":{"name":"(anonymous_137)","decl":{"start":{"line":762,"column":48},"end":{"line":762,"column":49}},"loc":{"start":{"line":762,"column":63},"end":{"line":765,"column":5}},"line":762},"138":{"name":"(anonymous_138)","decl":{"start":{"line":766,"column":50},"end":{"line":766,"column":51}},"loc":{"start":{"line":766,"column":65},"end":{"line":769,"column":5}},"line":766},"139":{"name":"(anonymous_139)","decl":{"start":{"line":770,"column":45},"end":{"line":770,"column":46}},"loc":{"start":{"line":770,"column":60},"end":{"line":772,"column":5}},"line":770},"140":{"name":"(anonymous_140)","decl":{"start":{"line":773,"column":45},"end":{"line":773,"column":46}},"loc":{"start":{"line":773,"column":56},"end":{"line":776,"column":5}},"line":773},"141":{"name":"(anonymous_141)","decl":{"start":{"line":777,"column":45},"end":{"line":777,"column":46}},"loc":{"start":{"line":777,"column":56},"end":{"line":780,"column":5}},"line":777},"142":{"name":"(anonymous_142)","decl":{"start":{"line":781,"column":45},"end":{"line":781,"column":46}},"loc":{"start":{"line":781,"column":60},"end":{"line":784,"column":5}},"line":781},"143":{"name":"(anonymous_143)","decl":{"start":{"line":785,"column":45},"end":{"line":785,"column":46}},"loc":{"start":{"line":785,"column":56},"end":{"line":788,"column":5}},"line":785},"144":{"name":"(anonymous_144)","decl":{"start":{"line":789,"column":45},"end":{"line":789,"column":46}},"loc":{"start":{"line":789,"column":66},"end":{"line":792,"column":5}},"line":789},"145":{"name":"(anonymous_145)","decl":{"start":{"line":793,"column":45},"end":{"line":793,"column":46}},"loc":{"start":{"line":793,"column":66},"end":{"line":810,"column":5}},"line":793},"146":{"name":"(anonymous_146)","decl":{"start":{"line":796,"column":22},"end":{"line":796,"column":23}},"loc":{"start":{"line":796,"column":38},"end":{"line":804,"column":13}},"line":796},"147":{"name":"(anonymous_147)","decl":{"start":{"line":811,"column":53},"end":{"line":811,"column":54}},"loc":{"start":{"line":811,"column":74},"end":{"line":814,"column":5}},"line":811},"148":{"name":"(anonymous_148)","decl":{"start":{"line":815,"column":73},"end":{"line":815,"column":74}},"loc":{"start":{"line":815,"column":100},"end":{"line":818,"column":5}},"line":815},"149":{"name":"(anonymous_149)","decl":{"start":{"line":819,"column":63},"end":{"line":819,"column":64}},"loc":{"start":{"line":819,"column":74},"end":{"line":822,"column":19}},"line":819},"150":{"name":"(anonymous_150)","decl":{"start":{"line":819,"column":95},"end":{"line":819,"column":96}},"loc":{"start":{"line":819,"column":123},"end":{"line":822,"column":5}},"line":819},"151":{"name":"(anonymous_151)","decl":{"start":{"line":823,"column":46},"end":{"line":823,"column":47}},"loc":{"start":{"line":823,"column":61},"end":{"line":826,"column":5}},"line":823},"152":{"name":"(anonymous_152)","decl":{"start":{"line":827,"column":46},"end":{"line":827,"column":47}},"loc":{"start":{"line":827,"column":57},"end":{"line":830,"column":19}},"line":827},"153":{"name":"(anonymous_153)","decl":{"start":{"line":827,"column":78},"end":{"line":827,"column":79}},"loc":{"start":{"line":827,"column":94},"end":{"line":830,"column":5}},"line":827},"154":{"name":"(anonymous_154)","decl":{"start":{"line":831,"column":44},"end":{"line":831,"column":45}},"loc":{"start":{"line":831,"column":59},"end":{"line":834,"column":5}},"line":831},"155":{"name":"(anonymous_155)","decl":{"start":{"line":835,"column":52},"end":{"line":835,"column":53}},"loc":{"start":{"line":835,"column":67},"end":{"line":838,"column":5}},"line":835},"156":{"name":"(anonymous_156)","decl":{"start":{"line":839,"column":50},"end":{"line":839,"column":51}},"loc":{"start":{"line":839,"column":61},"end":{"line":845,"column":19}},"line":839},"157":{"name":"(anonymous_157)","decl":{"start":{"line":839,"column":82},"end":{"line":839,"column":83}},"loc":{"start":{"line":839,"column":104},"end":{"line":845,"column":5}},"line":839},"158":{"name":"(anonymous_158)","decl":{"start":{"line":846,"column":58},"end":{"line":846,"column":59}},"loc":{"start":{"line":846,"column":85},"end":{"line":848,"column":5}},"line":846},"159":{"name":"(anonymous_159)","decl":{"start":{"line":849,"column":56},"end":{"line":849,"column":57}},"loc":{"start":{"line":849,"column":71},"end":{"line":852,"column":5}},"line":849},"160":{"name":"(anonymous_160)","decl":{"start":{"line":853,"column":56},"end":{"line":853,"column":57}},"loc":{"start":{"line":853,"column":71},"end":{"line":855,"column":5}},"line":853},"161":{"name":"(anonymous_161)","decl":{"start":{"line":856,"column":57},"end":{"line":856,"column":58}},"loc":{"start":{"line":856,"column":68},"end":{"line":858,"column":19}},"line":856},"162":{"name":"(anonymous_162)","decl":{"start":{"line":856,"column":89},"end":{"line":856,"column":90}},"loc":{"start":{"line":856,"column":117},"end":{"line":858,"column":5}},"line":856},"163":{"name":"(anonymous_163)","decl":{"start":{"line":859,"column":61},"end":{"line":859,"column":62}},"loc":{"start":{"line":859,"column":72},"end":{"line":861,"column":19}},"line":859},"164":{"name":"(anonymous_164)","decl":{"start":{"line":859,"column":93},"end":{"line":859,"column":94}},"loc":{"start":{"line":859,"column":127},"end":{"line":861,"column":5}},"line":859},"165":{"name":"(anonymous_165)","decl":{"start":{"line":862,"column":56},"end":{"line":862,"column":57}},"loc":{"start":{"line":862,"column":67},"end":{"line":868,"column":19}},"line":862},"166":{"name":"(anonymous_166)","decl":{"start":{"line":862,"column":88},"end":{"line":862,"column":89}},"loc":{"start":{"line":862,"column":122},"end":{"line":868,"column":5}},"line":862},"167":{"name":"(anonymous_167)","decl":{"start":{"line":869,"column":48},"end":{"line":869,"column":49}},"loc":{"start":{"line":869,"column":63},"end":{"line":871,"column":5}},"line":869},"168":{"name":"(anonymous_168)","decl":{"start":{"line":872,"column":4
[...]
3,"column":89}}],"line":241},"30":{"loc":{"start":{"line":245,"column":35},"end":{"line":247,"column":83}},"type":"cond-expr","locations":[{"start":{"line":246,"column":6},"end":{"line":246,"column":50}},{"start":{"line":247,"column":6},"end":{"line":247,"column":83}}],"line":245},"31":{"loc":{"start":{"line":293,"column":0},"end":{"line":293,"column":113}},"type":"if","locations":[{"start":{"line":293,"column":0},"end":{"line":293,"column":113}},{"start":{},"end":{}}],"line":293},"32":{"loc":{"start":{"line":332,"column":0},"end":{"line":332,"column":101}},"type":"if","locations":[{"start":{"line":332,"column":0},"end":{"line":332,"column":101}},{"start":{},"end":{}}],"line":332},"33":{"loc":{"start":{"line":358,"column":0},"end":{"line":358,"column":105}},"type":"if","locations":[{"start":{"line":358,"column":0},"end":{"line":358,"column":105}},{"start":{},"end":{}}],"line":358},"34":{"loc":{"start":{"line":378,"column":8},"end":{"line":380,"column":9}},"type":"if","locations":[{"start":{"line":378,"column":8},"end":{"line":380,"column":9}},{"start":{},"end":{}}],"line":378},"35":{"loc":{"start":{"line":383,"column":0},"end":{"line":383,"column":93}},"type":"if","locations":[{"start":{"line":383,"column":0},"end":{"line":383,"column":93}},{"start":{},"end":{}}],"line":383},"36":{"loc":{"start":{"line":404,"column":4},"end":{"line":430,"column":5}},"type":"if","locations":[{"start":{"line":404,"column":4},"end":{"line":430,"column":5}},{"start":{"line":422,"column":11},"end":{"line":430,"column":5}}],"line":404},"37":{"loc":{"start":{"line":404,"column":8},"end":{"line":404,"column":68}},"type":"binary-expr","locations":[{"start":{"line":404,"column":8},"end":{"line":404,"column":38}},{"start":{"line":404,"column":42},"end":{"line":404,"column":68}}],"line":404},"38":{"loc":{"start":{"line":405,"column":8},"end":{"line":418,"column":9}},"type":"if","locations":[{"start":{"line":405,"column":8},"end":{"line":418,"column":9}},{"start":{},"end":{}}],"line":405},"39":{"loc":{"start":{"line":409,"column":38},"end":{"line":409,"column":91}},"type":"binary-expr","locations":[{"start":{"line":409,"column":38},"end":{"line":409,"column":47}},{"start":{"line":409,"column":51},"end":{"line":409,"column":91}}],"line":409},"40":{"loc":{"start":{"line":411,"column":16},"end":{"line":416,"column":17}},"type":"if","locations":[{"start":{"line":411,"column":16},"end":{"line":416,"column":17}},{"start":{"line":414,"column":23},"end":{"line":416,"column":17}}],"line":411},"41":{"loc":{"start":{"line":411,"column":20},"end":{"line":411,"column":94}},"type":"binary-expr","locations":[{"start":{"line":411,"column":20},"end":{"line":411,"column":33}},{"start":{"line":411,"column":37},"end":{"line":411,"column":94}}],"line":411},"42":{"loc":{"start":{"line":425,"column":8},"end":{"line":429,"column":9}},"type":"if","locations":[{"start":{"line":425,"column":8},"end":{"line":429,"column":9}},{"start":{"line":427,"column":15},"end":{"line":429,"column":9}}],"line":425},"43":{"loc":{"start":{"line":449,"column":20},"end":{"line":449,"column":59}},"type":"cond-expr","locations":[{"start":{"line":449,"column":46},"end":{"line":449,"column":47}},{"start":{"line":449,"column":50},"end":{"line":449,"column":59}}],"line":449},"44":{"loc":{"start":{"line":450,"column":15},"end":{"line":450,"column":55}},"type":"cond-expr","locations":[{"start":{"line":450,"column":33},"end":{"line":450,"column":41}},{"start":{"line":450,"column":44},"end":{"line":450,"column":55}}],"line":450},"45":{"loc":{"start":{"line":450,"column":44},"end":{"line":450,"column":55}},"type":"cond-expr","locations":[{"start":{"line":450,"column":50},"end":{"line":450,"column":51}},{"start":{"line":450,"column":54},"end":{"line":450,"column":55}}],"line":450},"46":{"loc":{"start":{"line":477,"column":20},"end":{"line":477,"column":60}},"type":"binary-expr","locations":[{"start":{"line":477,"column":20},"end":{"line":477,"column":44}},{"start":{"line":477,"column":48},"end":{"line":477,"column":60}}],"line":477},"47":{"loc":{"start":{"line":490,"column":20},"end":{"line":490,"column":62}},"type":"cond-expr","locations":[{"start":{"line":490,"column":47},"end":{"line":490,"column":50}},{"start":{"line":490,"column":53},"end":{"line":490,"column":62}}],"line":490},"48":{"loc":{"start":{"line":491,"column":54},"end":{"line":491,"column":79}},"type":"cond-expr","locations":[{"start":{"line":491,"column":72},"end":{"line":491,"column":73}},{"start":{"line":491,"column":76},"end":{"line":491,"column":79}}],"line":491},"49":{"loc":{"start":{"line":496,"column":20},"end":{"line":496,"column":62}},"type":"cond-expr","locations":[{"start":{"line":496,"column":47},"end":{"line":496,"column":50}},{"start":{"line":496,"column":53},"end":{"line":496,"column":62}}],"line":496},"50":{"loc":{"start":{"line":497,"column":19},"end":{"line":497,"column":112}},"type":"cond-expr","locations":[{"start":{"line":497,"column":37},"end":{"line":497,"column":38}},{"start":{"line":497,"column":41},"end":{"line":497,"column":112}}],"line":497},"51":{"loc":{"start":{"line":517,"column":15},"end":{"line":517,"column":62}},"type":"cond-expr","locations":[{"start":{"line":517,"column":33},"end":{"line":517,"column":34}},{"start":{"line":517,"column":37},"end":{"line":517,"column":62}}],"line":517},"52":{"loc":{"start":{"line":566,"column":41},"end":{"line":566,"column":96}},"type":"cond-expr","locations":[{"start":{"line":566,"column":54},"end":{"line":566,"column":63}},{"start":{"line":566,"column":66},"end":{"line":566,"column":96}}],"line":566},"53":{"loc":{"start":{"line":583,"column":15},"end":{"line":583,"column":62}},"type":"cond-expr","locations":[{"start":{"line":583,"column":33},"end":{"line":583,"column":34}},{"start":{"line":583,"column":37},"end":{"line":583,"column":62}}],"line":583},"54":{"loc":{"start":{"line":612,"column":15},"end":{"line":612,"column":62}},"type":"cond-expr","locations":[{"start":{"line":612,"column":33},"end":{"line":612,"column":34}},{"start":{"line":612,"column":37},"end":{"line":612,"column":62}}],"line":612},"55":{"loc":{"start":{"line":616,"column":15},"end":{"line":616,"column":62}},"type":"cond-expr","locations":[{"start":{"line":616,"column":33},"end":{"line":616,"column":34}},{"start":{"line":616,"column":37},"end":{"line":616,"column":62}}],"line":616},"56":{"loc":{"start":{"line":620,"column":15},"end":{"line":620,"column":62}},"type":"cond-expr","locations":[{"start":{"line":620,"column":33},"end":{"line":620,"column":34}},{"start":{"line":620,"column":37},"end":{"line":620,"column":62}}],"line":620},"57":{"loc":{"start":{"line":837,"column":15},"end":{"line":837,"column":62}},"type":"cond-expr","locations":[{"start":{"line":837,"column":33},"end":{"line":837,"column":34}},{"start":{"line":837,"column":37},"end":{"line":837,"column":62}}],"line":837},"58":{"loc":{"start":{"line":911,"column":25},"end":{"line":911,"column":80}},"type":"cond-expr","locations":[{"start":{"line":911,"column":38},"end":{"line":911,"column":47}},{"start":{"line":911,"column":50},"end":{"line":911,"column":80}}],"line":911},"59":{"loc":{"start":{"line":925,"column":20},"end":{"line":925,"column":65}},"type":"cond-expr","locations":[{"start":{"line":925,"column":52},"end":{"line":925,"column":56}},{"start":{"line":925,"column":59},"end":{"line":925,"column":65}}],"line":925},"60":{"loc":{"start":{"line":926,"column":15},"end":{"line":926,"column":62}},"type":"cond-expr","locations":[{"start":{"line":926,"column":33},"end":{"line":926,"column":34}},{"start":{"line":926,"column":37},"end":{"line":926,"column":62}}],"line":926},"61":{"loc":{"start":{"line":929,"column":20},"end":{"line":929,"column":73}},"type":"cond-expr","locations":[{"start":{"line":929,"column":56},"end":{"line":929,"column":60}},{"start":{"line":929,"column":63},"end":{"line":929,"column":73}}],"line":929},"62":{"loc":{"start":{"line":930,"column":15},"end":{"line":930,"column":62}},"type":"cond-expr","locations":[{"start":{"line":930,"column":33},"end":{"line":930,"column":34}},{"start":{"line":930,"column":37},"end":{"line":930,"column":62}}],"line":930},"63":{"loc":{"start":{"line":933,"column":20},"end":{"line":933,"column":61}},"type":"cond-expr","locations":[{"start":{"line":933,"column":50},"end":{"line":933,"column":54}},{"start":{"line":933,"column":57},"end":{"line":933,"column":61}}],"line":933},"64":{"loc":{"start":{"line":934,"column":15},"end":{"line":934,"column":62}},"type":"cond-expr","locations":[{"start":{"line":934,"column":33},"end":{"line":934,"column":34}},{"start":{"line":934,"column":37},"end":{"line":934,"column":62}}],"line":934},"65":{"loc":{"start":{"line":937,"column":20},"end":{"line":937,"column":65}},"type":"cond-expr","locations":[{"start":{"line":937,"column":52},"end":{"line":937,"column":56}},{"start":{"line":937,"column":59},"end":{"line":937,"column":65}}],"line":937},"66":{"loc":{"start":{"line":938,"column":15},"end":{"line":938,"column":62}},"type":"cond-expr","locations":[{"start":{"line":938,"column":33},"end":{"line":938,"column":34}},{"start":{"line":938,"column":37},"end":{"line":938,"column":62}}],"line":938},"67":{"loc":{"start":{"line":950,"column":15},"end":{"line":950,"column":62}},"type":"cond-expr","locations":[{"start":{"line":950,"column":33},"end":{"line":950,"column":34}},{"start":{"line":950,"column":37},"end":{"line":950,"column":62}}],"line":950},"68":{"loc":{"start":{"line":973,"column":15},"end":{"line":973,"column":62}},"type":"cond-expr","locations":[{"start":{"line":973,"column":33},"end":{"line":973,"column":34}},{"start":{"line":973,"column":37},"end":{"line":973,"column":62}}],"line":973},"69":{"loc":{"start":{"line":1025,"column":4},"end":{"line":1025,"column":40}},"type":"if","locations":[{"start":{"line":1025,"column":4},"end":{"line":1025,"column":40}},{"start":{},"end":{}}],"line":1025},"70":{"loc":{"start":{"line":1028,"column":4},"end":{"line":1034,"column":5}},"type":"if","locations":[{"start":{"line":1028,"column":4},"end":{"line":1034,"column":5}},{"start":{},"end":{}}],"line":1028},"71":{"loc":{"start":{"line":1029,"column":8},"end":{"line":1033,"column":9}},"type":"if","locations":[{"start":{"line":1029,"column":8},"end":{"line":1033,"column":9}},{"start":{"line":1031,"column":15},"end":{"line":1033,"column":9}}],"line":1029},"72":{"loc":{"start":{"line":1037,"column":4},"end":{"line":1039,"column":5}},"type":"if","locations":[{"start":{"line":1037,"column":4},"end":{"line":1039,"column":5}},{"start":{},"end":{}}],"line":1037},"73":{"loc":{"start":{"line":1045,"column":4},"end":{"line":1045,"column":40}},"type":"if","locations":[{"start":{"line":1045,"column":4},"end":{"line":1045,"column":40}},{"start":{},"end":{}}],"line":1045},"74":{"loc":{"start":{"line":1048,"column":4},"end":{"line":1054,"column":5}},"type":"if","locations":[{"start":{"line":1048,"column":4},"end":{"line":1054,"column":5}},{"start":{},"end":{}}],"line":1048},"75":{"loc":{"start":{"line":1049,"column":8},"end":{"line":1053,"column":9}},"type":"if","locations":[{"start":{"line":1049,"column":8},"end":{"line":1053,"column":9}},{"start":{"line":1051,"column":15},"end":{"line":1053,"column":9}}],"line":1049},"76":{"loc":{"start":{"line":1056,"column":4},"end":{"line":1058,"column":5}},"type":"if","locations":[{"start":{"line":1056,"column":4},"end":{"line":1058,"column":5}},{"start":{},"end":{}}],"line":1056},"77":{"loc":{"start":{"line":1061,"column":4},"end":{"line":1063,"column":5}},"type":"if","locations":[{"start":{"line":1061,"column":4},"end":{"line":1063,"column":5}},{"start":{},"end":{}}],"line":1061},"78":{"loc":{"start":{"line":1061,"column":8},"end":{"line":1061,"column":178}},"type":"binary-expr","locations":[{"start":{"line":1061,"column":8},"end":{"line":1061,"column":42}},{"start":{"line":1061,"column":47},"end":{"line":1061,"column":76}},{"start":{"line":1061,"column":80},"end":{"line":1061,"column":113}},{"start":{"line":1061,"column":119},"end":{"line":1061,"column":144}},{"start":{"line":1061,"column":148},"end":{"line":1061,"column":177}}],"line":1061}},"s":{"0":0,"1":0,"2":0,"3":1,"4":0,"5":0,"6":0,"7":0,"8":0,"9":0,"10":0,"11":0,"12":0,"13":0,"14":0,"15":0,"16":0,"17":0,"18":0,"19":0,"20":0,"21":0,"22":0,"23":0,"24":0,"25":0,"26":0,"27":0,"28":0,"29":0,"30":0,"31":0,"32":0,"33":0,"34":0,"35":0,"36":0,"37":0,"38":0,"39":0,"40":0,"41":0,"42":0,"43":1,"44":0,"45":0,"46":0,"47":452,"48":452,"49":1,"50":452,"51":1,"52":452,"53":0,"54":0,"55":0,"56":0,"57":0,"58":0,"59":0,"60":0,"61":0,"62":0,"63":0,"64":0,"65":0,"66":0,"67":0,"68":0,"69":0,"70":0,"71":0,"72":0,"73":0,"74":0,"75":0,"76":0,"77":0,"78":0,"79":0,"80":0,"81":0,"82":0,"83":0,"84":0,"85":0,"86":0,"87":0,"88":0,"89":0,"90":0,"91":0,"92":0,"93":0,"94":0,"95":0,"96":0,"97":0,"98":0,"99":0,"100":0,"101":0,"102":1,"103":1,"104":1,"105":1,"106":452,"107":452,"108":0,"109":0,"110":0,"111":452,"112":1,"113":1,"114":0,"115":0,"116":0,"117":0,"118":1,"119":0,"120":0,"121":0,"122":1,"123":1,"124":1,"125":0,"126":1,"127":0,"128":1,"129":0,"130":1,"131":0,"132":0,"133":0,"134":0,"135":0,"136":0,"137":0,"138":0,"139":0,"140":0,"141":0,"142":0,"143":0,"144":0,"145":0,"146":0,"147":1,"148":1,"149":0,"150":0,"151":0,"152":0,"153":0,"154":0,"155":0,"156":0,"157":0,"158":0,"159":0,"160":0,"161":0,"162":0,"163":1,"164":1,"165":0,"166":0,"167":0,"168":0,"169":0,"170":0,"171":0,"172":0,"173":0,"174":0,"175":1,"176":1,"177":0,"178":0,"179":0,"180":0,"181":0,"182":0,"183":0,"184":0,"185":0,"186":0,"187":0,"188":1,"189":1,"190":16,"191":16,"192":0,"193":1,"194":1,"195":0,"196":0,"197":0,"198":0,"199":0,"200":0,"201":0,"202":0,"203":0,"204":1,"205":1,"206":0,"207":1,"208":1,"209":1,"210":1,"211":0,"212":0,"213":1,"214":0,"215":0,"216":0,"217":0,"218":0,"219":1,"220":0,"221":0,"222":0,"223":1,"224":0,"225":0,"226":0,"227":0,"228":0,"229":1,"230":0,"231":0,"232":1,"233":0,"234":0,"235":1,"236":0,"237":0,"238":1,"239":0,"240":0,"241":1,"242":0,"243":0,"244":0,"245":1,"246":0,"247":0,"248":1,"249":0,"250":0,"251":1,"252":0,"253":0,"254":0,"255":0,"256":1,"257":0,"258":0,"259":0,"260":0,"261":0,"262":0,"263":1,"264":0,"265":1,"266":0,"267":1,"268":0,"269":0,"270":1,"271":0,"272":0,"273":1,"274":0,"275":0,"276":1,"277":0,"278":0,"279":1,"280":0,"281":0,"282":1,"283":0,"284":0,"285":0,"286":1,"287":0,"288":0,"289":0,"290":1,"291":0,"292":0,"293":1,"294":0,"295":0,"296":0,"297":1,"298":0,"299":0,"300":0,"301":1,"302":0,"303":0,"304":1,"305":0,"306":0,"307":1,"308":0,"309":0,"310":1,"311":0,"312":0,"313":1,"314":0,"315":0,"316":1,"317":0,"318":0,"319":0,"320":1,"321":0,"322":0,"323":0,"324":1,"325":0,"326":0,"327":1,"328":0,"329":0,"330":0,"331":1,"332":0,"333":0,"334":1,"335":0,"336":0,"337":1,"338":0,"339":0,"340":1,"341":0,"342":0,"343":0,"344":0,"345":0,"346":1,"347":0,"348":1,"349":0,"350":0,"351":1,"352":0,"353":0,"354":1,"355":0,"356":0,"357":0,"358":1,"359":0,"360":0,"361":1,"362":0,"363":0,"364":1,"365":0,"366":0,"367":1,"368":0,"369":0,"370":0,"371":1,"372":0,"373":0,"374":1,"375":0,"376":0,"377":1,"378":0,"379":0,"380":0,"381":1,"382":0,"383":0,"384":0,"385":0,"386":0,"387":1,"388":0,"389":0,"390":0,"391":0,"392":0,"393":1,"394":0,"395":0,"396":0,"397":0,"398":0,"399":1,"400":0,"401":0,"402":0,"403":0,"404":0,"405":1,"406":0,"407":0,"408":0,"409":0,"410":0,"411":1,"412":0,"413":0,"414":0,"415":0,"416":0,"417":1,"418":0,"419":0,"420":0,"421":0,"422":0,"423":1,"424":0,"425":0,"426":0,"427":0,"428":0,"429":1,"430":0,"431":0,"432":0,"433":0,"434":0,"435":1,"436":0,"437":0,"438":0,"439":1,"440":0,"441":0,"442":1,"443":0,"444":0,"445":1,"446":0,"447":0,"448":0,"449":1,"450":0,"451":0,"452":0,"453":0,"454":0,"455":1,"456":0,"457":0,"458":1,"459":0,"460":0,"461":1,"462":0,"463":0,"464":1,"465":0,"466":1,"467":224,"468":224,"469":1,"470":48,"471":48,"472":1,"473":0,"474":0,"475":1,"476":0,"477":0,"478":1,"479":0,"480":0,"481":1,"482":0,"483":0,"484":0,"485":0,"486":0,"487":0,"488":0,"489":0,"490":0,"491":0,"492":0,"493":1,"494":0,"495":0,"496":1,"497":0,"498":0,"499":1,"500":0,"501":0,"502":0,"503":1,"504":0,"505":0,"506":1,"507":0,"508":0,"509":0,"510":1,"511":0,"512":0,"513":1,"514":0,"515":0,"516":1,"517":0,"518":0,"519":0,"520":0,"521":0,"522":0,"523":1,"524":0,"525":1,"526":0,"527":0,"528":1,"529":0,"530":1,"531":0,"532":0,"533":1,"534":0,"535":0,"536":1,"537":0,"538":0,"539":0,"540":0,"541":0,"542":0,"543":1,"544":0,"545":1,"546":0,"547":1,"548":0,"549":0,"550":1,"551":0,"552":0,"553":1,"554":0,"555":0,"556":1,"557":0,"558":0,"559":1,"560":0,"561":1,"562":896,"563":1,"564":0,"565":0,"566":0,"567":1,"568":224,"569":1,"570":0,"571":1,"572":0,"573":1,"574":0,"575":1,"576":0,"577":1,"578":0,"579":0,"580":0,"581":0,"582":0,"583":1,"584":0,"585":0,"586":1,"587":0,"588":0,"589":1,"590":0,"591":0,"592":1,"593":0,"594":0,"595":1,"596":0,"597":0,"598":1,"599":0,"600":0,"601":1,"602":0,"603":0,"604":1,"605":0,"606":0,"607":1,"608":0,"609":0,"610":1,"611":0,"612":0,"613":1,"614":0,"615":0,"616":0,"617":0,"618":0,"619":1,"620":0,"621":0,"622":1,"623":0,"624":0,"625":1,"626":452,"627":452,"628":1,"629":0,"630":0,"631":1,"632":0,"633":0,"634":1,"635":0,"636":0,"637":1,"638":0,"639":0,"640":1,"641":1,"642":1,"643":1,"644":1,"645":1,"646":1,"647":1,"648":1,"649":1,"650":1,"651":1,"652":1,"653":1,"654":1,"655":0,"656":0,"657":0,"658":0,"659":0,"660":0,"661":0,"662":0,"663":0,"664":0,"665":0,"666":1,"667":0,"668":1,"669":1,"670":1,"671":0,"672":1,"673":0,"674":1,"675":1,"676":0,"677":1,"678":1},"f":{"0":0,"1":0,"2":0,"3":0,"4":0,"5":0,"6":0,"7":452,"8":452,"9":0,"10":0,"11":0,"12":0,"13":0,"14":0,"15":0,"16":452,"17":0,"18":0,"19":0,"20":0,"21":0,"22":0,"23":0,"24":0,"25":0,"26":0,"27":0,"28":0,"29":0,"30":0,"31":0,"32":0,"33":0,"34":0,"35":0,"36":0,"37":0,"38":0,"39":0,"40":0,"41":0,"42":0,"43":0,"44":0,"45":0,"46":0,"47":0,"48":0,"49":0,"50":0,"51":0,"52":16,"53":0,"54":1,"55":1,"56":0,"57":0,"58":0,"59":0,"60":0,"61":0,"62":0,"63":0,"64":0,"65":0,"66":0,"67":0,"68":0,"69":0,"70":0,"71":0,"72":0,"73":0,"74":0,"75":0,"76":0,"77":0,"78":0,"79":0,"80":0,"81":0,"82":0,"83":0,"84":0,"85":0,"86":0,"87":0,"88":0,"89":0,"90":0,"91":0,"92":0,"93":0,"94":0,"95":0,"96":0,"97":0,"98":0,"99":0,"100":0,"101":0,"102":0,"103":0,"104":0,"105":0,"106":0,"107":0,"108":0,"109":0,"110":0,"111":0,"112":0,"113":0,"114":0,"115":0,"116":0,"117":0,"118":0,"119":0,"120":0,"121":0,"122":0,"123":0,"124":0,"125":0,"126":0,"127":0,"128":0,"129":0,"130":0,"131":0,"132":0,"133":0,"134":0,"135":0,"136":0,"137":0,"138":0,"139":0,"140":224,"141":48,"142":0,"143":0,"144":0,"145":0,"146":0,"147":0,"148":0,"149":0,"150":0,"151":0,"152":0,"153":0,"154":0,"155":0,"156":0,"157":0,"158":0,"159":0,"160":0,"161":0,"162":0,"163":0,"164":0,"165":0,"166":0,"167":0,"168":0,"169":0,"170":0,"171":0,"172":0,"173":0,"174":0,"175":0,"176":0,"177":896,"178":0,"179":0,"180":224,"181":0,"182":0,"183":0,"184":0,"185":0,"186":0,"187":0,"188":0,"189":0,"190":0,"191":0,"192":0,"193":0,"194":0,"195":0,"196":0,"197":0,"198":0,"199":452,"200":0,"201":0,"202":0,"203":0,"204":1,"205":1,"206":0,"207":1},"b":{"0":[0,1],"1":[0,0],"2":[0,0,0],"3":[0,0],"4":[0,0],"5":[0,0],"6":[0,0],"7":[0,0],"8":[0,0],"9":[0,0],"10":[0,0],"11":[0,0],"12":[0,0],"13":[0,0],"14":[0,0],"15":[0,0],"16":[0,0,0,0],"17":[1,451],"18":[452,451],"19":[0,0],"20":[0,0],"21":[0,0],"22":[0,0],"23":[0,0],"24":[0,0],"25":[0,452],"26":[0,1],"27":[0,1],"28":[0,1],"29":[0,1],"30":[0,1],"31":[1,0],"32":[1,0],"33":[1,0],"34":[0,0],"35":[1,0],"36":[0,1],"37":[1,1],"38":[0,0],"39":[0,0],"40":[0,0],"41":[0,0],"42":[0,1],"43":[0,0],"44":[0,0],"45":[0,0],"46":[0,0],"47":[0,0],"48":[0,0],"49":[0,0],"50":[0,0],"51":[0,0],"52":[0,0],"53":[0,0],"54":[0,0],"55":[0,0],"56":[0,0],"57":[0,0],"58":[0,0],"59":[0,0],"60":[0,0],"61":[0,0],"62":[0,0],"63":[0,0],"64":[0,0],"65":[0,0],"66":[0,0],"67":[0,0],"68":[0,0],"69":[0,0],"70":[0,0],"71":[0,0],"72":[0,0],"73":[0,1],"74":[1,0],"75":[1,0],"76":[0,1],"77":[0,1],"78":[1,1,0,1,1]},"inputSourceMap":null,"_coverageSchema":"1a1c01bbd47fc00a2c39e90264f33305004495a9","hash":"46e2831a67fd697e1ecb0d5428d859f0e18d846c"}
}
