TN:
SF:dist/berry-editor/berry_editor.js
FN:3,addToExternrefTable0
FN:10,(anonymous_1)
FN:10,(anonymous_2)
FN:11,(anonymous_3)
FN:13,debugString
FN:78,getArrayU8FromWasm0
FN:84,getDataViewMemory0
FN:91,getStringFromWasm0
FN:97,getUint8ArrayMemory0
FN:104,handleError
FN:113,isLikeNone
FN:117,makeMutClosure
FN:119,(anonymous_12)
FN:134,(anonymous_13)
FN:145,passStringToWasm0
FN:182,takeFromExternrefTable0
FN:192,decodeText
FN:205,(anonymous_17)
FN:217,wasm_bindgen__convert__closures_____invoke__h0d5832d974775407
FN:221,wasm_bindgen__convert__closures_____invoke__h5512ea36572b97d1
FN:225,wasm_bindgen__convert__closures_____invoke__h2e20166fcc7e809e
FN:234,(anonymous_21)
FN:234,(anonymous_22)
FN:235,(anonymous_23)
FN:238,(anonymous_24)
FN:238,(anonymous_25)
FN:239,(anonymous_26)
FN:242,(anonymous_27)
FN:242,(anonymous_28)
FN:243,(anonymous_29)
FN:246,(anonymous_30)
FN:246,(anonymous_31)
FN:247,(anonymous_32)
FN:250,(anonymous_33)
FN:256,(anonymous_34)
FN:263,(anonymous_35)
FN:271,(anonymous_36)
FN:278,(anonymous_37)
FN:284,(anonymous_38)
FN:288,(anonymous_39)
FN:296,(anonymous_40)
FN:302,(anonymous_41)
FN:310,(anonymous_42)
FN:318,(anonymous_43)
FN:327,(anonymous_44)
FN:335,(anonymous_45)
FN:341,(anonymous_46)
FN:349,(anonymous_47)
FN:353,(anonymous_48)
FN:361,(anonymous_49)
FN:367,(anonymous_50)
FN:374,(anonymous_51)
FN:389,get_test_file_tree
FN:397,init_berry_editor
FN:403,__wbg_load
FN:433,__wbg_get_imports
FN:436,(anonymous_56)
FN:440,(anonymous_57)
FN:447,(anonymous_58)
FN:452,(anonymous_59)
FN:459,(anonymous_60)
FN:463,(anonymous_61)
FN:467,(anonymous_62)
FN:471,(anonymous_63)
FN:475,(anonymous_64)
FN:480,(anonymous_65)
FN:484,(anonymous_66)
FN:488,(anonymous_67)
FN:494,(anonymous_68)
FN:502,(anonymous_69)
FN:505,(anonymous_70)
FN:508,(anonymous_71)
FN:508,(anonymous_72)
FN:511,(anonymous_73)
FN:515,(anonymous_74)
FN:519,(anonymous_75)
FN:523,(anonymous_76)
FN:527,(anonymous_77)
FN:527,(anonymous_78)
FN:531,(anonymous_79)
FN:531,(anonymous_80)
FN:535,(anonymous_81)
FN:539,(anonymous_82)
FN:539,(anonymous_83)
FN:543,(anonymous_84)
FN:543,(anonymous_85)
FN:547,(anonymous_86)
FN:547,(anonymous_87)
FN:550,(anonymous_88)
FN:550,(anonymous_89)
FN:553,(anonymous_90)
FN:557,(anonymous_91)
FN:561,(anonymous_92)
FN:565,(anonymous_93)
FN:565,(anonymous_94)
FN:569,(anonymous_95)
FN:569,(anonymous_96)
FN:573,(anonymous_97)
FN:577,(anonymous_98)
FN:577,(anonymous_99)
FN:581,(anonymous_100)
FN:585,(anonymous_101)
FN:589,(anonymous_102)
FN:589,(anonymous_103)
FN:592,(anonymous_104)
FN:603,(anonymous_105)
FN:606,(anonymous_106)
FN:610,(anonymous_107)
FN:614,(anonymous_108)
FN:614,(anonymous_109)
FN:618,(anonymous_110)
FN:622,(anonymous_111)
FN:622,(anonymous_112)
FN:625,(anonymous_113)
FN:629,(anonymous_114)
FN:629,(anonymous_115)
FN:633,(anonymous_116)
FN:637,(anonymous_117)
FN:641,(anonymous_118)
FN:641,(anonymous_119)
FN:645,(anonymous_120)
FN:655,(anonymous_121)
FN:665,(anonymous_122)
FN:675,(anonymous_123)
FN:685,(anonymous_124)
FN:695,(anonymous_125)
FN:705,(anonymous_126)
FN:715,(anonymous_127)
FN:725,(anonymous_128)
FN:735,(anonymous_129)
FN:735,(anonymous_130)
FN:739,(anonymous_131)
FN:743,(anonymous_132)
FN:747,(anonymous_133)
FN:747,(anonymous_134)
FN:751,(anonymous_135)
FN:758,(anonymous_136)
FN:762,(anonymous_137)
FN:766,(anonymous_138)
FN:770,(anonymous_139)
FN:773,(anonymous_140)
FN:777,(anonymous_141)
FN:781,(anonymous_142)
FN:785,(anonymous_143)
FN:789,(anonymous_144)
FN:793,(anonymous_145)
FN:796,(anonymous_146)
FN:811,(anonymous_147)
FN:815,(anonymous_148)
FN:819,(anonymous_149)
FN:819,(anonymous_150)
FN:823,(anonymous_151)
FN:827,(anonymous_152)
FN:827,(anonymous_153)
FN:831,(anonymous_154)
FN:835,(anonymous_155)
FN:839,(anonymous_156)
FN:839,(anonymous_157)
FN:846,(anonymous_158)
FN:849,(anonymous_159)
FN:853,(anonymous_160)
FN:856,(anonymous_161)
FN:856,(anonymous_162)
FN:859,(anonymous_163)
FN:859,(anonymous_164)
FN:862,(anonymous_165)
FN:862,(anonymous_166)
FN:869,(anonymous_167)
FN:872,(anonymous_168)
FN:875,(anonymous_169)
FN:879,(anonymous_170)
FN:879,(anonymous_171)
FN:882,(anonymous_172)
FN:882,(anonymous_173)
FN:885,(anonymous_174)
FN:885,(anonymous_175)
FN:888,(anonymous_176)
FN:891,(anonymous_177)
FN:894,(anonymous_178)
FN:894,(anonymous_179)
FN:898,(anonymous_180)
FN:901,(anonymous_181)
FN:904,(anonymous_182)
FN:907,(anonymous_183)
FN:910,(anonymous_184)
FN:913,(anonymous_185)
FN:920,(anonymous_186)
FN:924,(anonymous_187)
FN:928,(anonymous_188)
FN:932,(anonymous_189)
FN:936,(anonymous_190)
FN:940,(anonymous_191)
FN:944,(anonymous_192)
FN:948,(anonymous_193)
FN:952,(anonymous_194)
FN:956,(anonymous_195)
FN:960,(anonymous_196)
FN:967,(anonymous_197)
FN:971,(anonymous_198)
FN:975,(anonymous_199)
FN:980,(anonymous_200)
FN:985,(anonymous_201)
FN:990,(anonymous_202)
FN:995,(anonymous_203)
FN:1000,(anonymous_204)
FN:1013,__wbg_finalize_init
FN:1024,initSync
FN:1044,__wbg_init
FNF:208
FNH:14
FNDA:0,addToExternrefTable0
FNDA:0,(anonymous_1)
FNDA:0,(anonymous_2)
FNDA:0,(anonymous_3)
FNDA:0,debugString
FNDA:0,getArrayU8FromWasm0
FNDA:0,getDataViewMemory0
FNDA:452,getStringFromWasm0
FNDA:452,getUint8ArrayMemory0
FNDA:0,handleError
FNDA:0,isLikeNone
FNDA:0,makeMutClosure
FNDA:0,(anonymous_12)
FNDA:0,(anonymous_13)
FNDA:0,passStringToWasm0
FNDA:0,takeFromExternrefTable0
FNDA:452,decodeText
FNDA:0,(anonymous_17)
FNDA:0,wasm_bindgen__convert__closures_____invoke__h0d5832d974775407
FNDA:0,wasm_bindgen__convert__closures_____invoke__h5512ea36572b97d1
FNDA:0,wasm_bindgen__convert__closures_____invoke__h2e20166fcc7e809e
FNDA:0,(anonymous_21)
FNDA:0,(anonymous_22)
FNDA:0,(anonymous_23)
FNDA:0,(anonymous_24)
FNDA:0,(anonymous_25)
FNDA:0,(anonymous_26)
FNDA:0,(anonymous_27)
FNDA:0,(anonymous_28)
FNDA:0,(anonymous_29)
FNDA:0,(anonymous_30)
FNDA:0,(anonymous_31)
FNDA:0,(anonymous_32)
FNDA:0,(anonymous_33)
FNDA:0,(anonymous_34)
FNDA:0,(anonymous_35)
FNDA:0,(anonymous_36)
FNDA:0,(anonymous_37)
FNDA:0,(anonymous_38)
FNDA:0,(anonymous_39)
FNDA:0,(anonymous_40)
FNDA:0,(anonymous_41)
FNDA:0,(anonymous_42)
FNDA:0,(anonymous_43)
FNDA:0,(anonymous_44)
FNDA:0,(anonymous_45)
FNDA:0,(anonymous_46)
FNDA:0,(anonymous_47)
FNDA:0,(anonymous_48)
FNDA:0,(anonymous_49)
FNDA:0,(anonymous_50)
FNDA:0,(anonymous_51)
FNDA:16,get_test_file_tree
FNDA:0,init_berry_editor
FNDA:1,__wbg_load
FNDA:1,__wbg_get_imports
FNDA:0,(anonymous_56)
FNDA:0,(anonymous_57)
FNDA:0,(anonymous_58)
FNDA:0,(anonymous_59)
FNDA:0,(anonymous_60)
FNDA:0,(anonymous_61)
FNDA:0,(anonymous_62)
FNDA:0,(anonymous_63)
FNDA:0,(anonymous_64)
FNDA:0,(anonymous_65)
FNDA:0,(anonymous_66)
FNDA:0,(anonymous_67)
FNDA:0,(anonymous_68)
FNDA:0,(anonymous_69)
FNDA:0,(anonymous_70)
FNDA:0,(anonymous_71)
FNDA:0,(anonymous_72)
FNDA:0,(anonymous_73)
FNDA:0,(anonymous_74)
FNDA:0,(anonymous_75)
FNDA:0,(anonymous_76)
FNDA:0,(anonymous_77)
FNDA:0,(anonymous_78)
FNDA:0,(anonymous_79)
FNDA:0,(anonymous_80)
FNDA:0,(anonymous_81)
FNDA:0,(anonymous_82)
FNDA:0,(anonymous_83)
FNDA:0,(anonymous_84)
FNDA:0,(anonymous_85)
FNDA:0,(anonymous_86)
FNDA:0,(anonymous_87)
FNDA:0,(anonymous_88)
FNDA:0,(anonymous_89)
FNDA:0,(anonymous_90)
FNDA:0,(anonymous_91)
FNDA:0,(anonymous_92)
FNDA:0,(anonymous_93)
FNDA:0,(anonymous_94)
FNDA:0,(anonymous_95)
FNDA:0,(anonymous_96)
FNDA:0,(anonymous_97)
FNDA:0,(anonymous_98)
FNDA:0,(anonymous_99)
FNDA:0,(anonymous_100)
FNDA:0,(anonymous_101)
FNDA:0,(anonymous_102)
FNDA:0,(anonymous_103)
FNDA:0,(anonymous_104)
FNDA:0,(anonymous_105)
FNDA:0,(anonymous_106)
FNDA:0,(anonymous_107)
FNDA:0,(anonymous_108)
FNDA:0,(anonymous_109)
FNDA:0,(anonymous_110)
FNDA:0,(anonymous_111)
FNDA:0,(anonymous_112)
FNDA:0,(anonymous_113)
FNDA:0,(anonymous_114)
FNDA:0,(anonymous_115)
FNDA:0,(anonymous_116)
FNDA:0,(anonymous_117)
FNDA:0,(anonymous_118)
FNDA:0,(anonymous_119)
FNDA:0,(anonymous_120)
FNDA:0,(anonymous_121)
FNDA:0,(anonymous_122)
FNDA:0,(anonymous_123)
FNDA:0,(anonymous_124)
FNDA:0,(anonymous_125)
FNDA:0,(anonymous_126)
FNDA:0,(anonymous_127)
FNDA:0,(anonymous_128)
FNDA:0,(anonymous_129)
FNDA:0,(anonymous_130)
FNDA:0,(anonymous_131)
FNDA:0,(anonymous_132)
FNDA:0,(anonymous_133)
FNDA:0,(anonymous_134)
FNDA:0,(anonymous_135)
FNDA:0,(anonymous_136)
FNDA:0,(anonymous_137)
FNDA:0,(anonymous_138)
FNDA:0,(anonymous_139)
FNDA:224,(anonymous_140)
FNDA:48,(anonymous_141)
FNDA:0,(anonymous_142)
FNDA:0,(anonymous_143)
FNDA:0,(anonymous_144)
FNDA:0,(anonymous_145)
FNDA:0,(anonymous_146)
FNDA:0,(anonymous_147)
FNDA:0,(anonymous_148)
FNDA:0,(anonymous_149)
FNDA:0,(anonymous_150)
FNDA:0,(anonymous_151)
FNDA:0,(anonymous_152)
FNDA:0,(anonymous_153)
FNDA:0,(anonymous_154)
FNDA:0,(anonymous_155)
FNDA:0,(anonymous_156)
FNDA:0,(anonymous_157)
FNDA:0,(anonymous_158)
FNDA:0,(anonymous_159)
FNDA:0,(anonymous_160)
FNDA:0,(anonymous_161)
FNDA:0,(anonymous_162)
FNDA:0,(anonymous_163)
FNDA:0,(anonymous_164)
FNDA:0,(anonymous_165)
FNDA:0,(anonymous_166)
FNDA:0,(anonymous_167)
FNDA:0,(anonymous_168)
FNDA:0,(anonymous_169)
FNDA:0,(anonymous_170)
FNDA:0,(anonymous_171)
FNDA:0,(anonymous_172)
FNDA:0,(anonymous_173)
FNDA:0,(anonymous_174)
FNDA:0,(anonymous_175)
FNDA:0,(anonymous_176)
FNDA:896,(anonymous_177)
FNDA:0,(anonymous_178)
FNDA:0,(anonymous_179)
FNDA:224,(anonymous_180)
FNDA:0,(anonymous_181)
FNDA:0,(anonymous_182)
FNDA:0,(anonymous_183)
FNDA:0,(anonymous_184)
FNDA:0,(anonymous_185)
FNDA:0,(anonymous_186)
FNDA:0,(anonymous_187)
FNDA:0,(anonymous_188)
FNDA:0,(anonymous_189)
FNDA:0,(anonymous_190)
FNDA:0,(anonymous_191)
FNDA:0,(anonymous_192)
FNDA:0,(anonymous_193)
FNDA:0,(anonymous_194)
FNDA:0,(anonymous_195)
FNDA:0,(anonymous_196)
FNDA:0,(anonymous_197)
FNDA:0,(anonymous_198)
FNDA:452,(anonymous_199)
FNDA:0,(anonymous_200)
FNDA:0,(anonymous_201)
FNDA:0,(anonymous_202)
FNDA:0,(anonymous_203)
FNDA:1,(anonymous_204)
FNDA:1,__wbg_finalize_init
FNDA:0,initSync
FNDA:1,__wbg_init
DA:4,0
DA:5,0
DA:6,0
DA:9,1
DA:11,0
DA:15,0
DA:16,0
DA:17,0
DA:19,0
DA:20,0
DA:22,0
DA:23,0
DA:24,0
DA:25,0
DA:27,0
DA:30,0
DA:31,0
DA:32,0
DA:33,0
DA:35,0
DA:39,0
DA:40,0
DA:41,0
DA:42,0
DA:43,0
DA:45,0
DA:46,0
DA:48,0
DA:49,0
DA:52,0
DA:54,0
DA:55,0
DA:58,0
DA:60,0
DA:64,0
DA:65,0
DA:67,0
DA:71,0
DA:72,0
DA:75,0
DA:79,0
DA:80,0
DA:83,1
DA:85,0
DA:86,0
DA:88,0
DA:92,452
DA:93,452
DA:96,1
DA:98,452
DA:99,1
DA:101,452
DA:105,0
DA:106,0
DA:108,0
DA:109,0
DA:114,0
DA:118,0
DA:119,0
DA:124,0
DA:125,0
DA:126,0
DA:127,0
DA:128,0
DA:130,0
DA:131,0
DA:134,0
DA:135,0
DA:136,0
DA:137,0
DA:138,0
DA:141,0
DA:142,0
DA:146,0
DA:147,0
DA:148,0
DA:149,0
DA:150,0
DA:151,0
DA:154,0
DA:155,0
DA:157,0
DA:159,0
DA:161,0
DA:162,0
DA:163,0
DA:164,0
DA:166,0
DA:167,0
DA:168,0
DA:170,0
DA:171,0
DA:172,0
DA:174,0
DA:175,0
DA:178,0
DA:179,0
DA:183,0
DA:184,0
DA:185,0
DA:188,1
DA:189,1
DA:190,1
DA:191,1
DA:193,452
DA:194,452
DA:195,0
DA:196,0
DA:197,0
DA:199,452
DA:202,1
DA:204,1
DA:205,0
DA:206,0
DA:207,0
DA:208,0
DA:215,1
DA:218,0
DA:222,0
DA:226,0
DA:229,1
DA:231,1
DA:233,1
DA:235,0
DA:237,1
DA:239,0
DA:241,1
DA:243,0
DA:245,1
DA:247,0
DA:251,0
DA:252,0
DA:253,0
DA:254,0
DA:257,0
DA:258,0
DA:264,0
DA:265,0
DA:272,0
DA:273,0
DA:279,0
DA:285,0
DA:286,0
DA:289,0
DA:290,0
DA:293,1
DA:297,0
DA:298,0
DA:299,0
DA:300,0
DA:303,0
DA:304,0
DA:311,0
DA:312,0
DA:313,0
DA:319,0
DA:320,0
DA:321,0
DA:328,0
DA:329,0
DA:332,1
DA:336,0
DA:337,0
DA:338,0
DA:339,0
DA:342,0
DA:343,0
DA:350,0
DA:351,0
DA:354,0
DA:355,0
DA:358,1
DA:362,0
DA:363,0
DA:364,0
DA:365,0
DA:368,0
DA:369,0
DA:375,0
DA:376,0
DA:377,0
DA:378,0
DA:379,0
DA:383,1
DA:390,16
DA:391,16
DA:398,0
DA:401,1
DA:404,1
DA:405,0
DA:406,0
DA:407,0
DA:409,0
DA:411,0
DA:412,0
DA:415,0
DA:420,0
DA:421,0
DA:423,1
DA:425,1
DA:426,0
DA:428,1
DA:434,1
DA:435,1
DA:436,1
DA:437,0
DA:438,0
DA:440,1
DA:441,0
DA:442,0
DA:443,0
DA:444,0
DA:445,0
DA:447,1
DA:448,0
DA:449,0
DA:450,0
DA:452,1
DA:453,0
DA:454,0
DA:455,0
DA:456,0
DA:457,0
DA:459,1
DA:460,0
DA:461,0
DA:463,1
DA:464,0
DA:465,0
DA:467,1
DA:468,0
DA:469,0
DA:471,1
DA:472,0
DA:473,0
DA:475,1
DA:476,0
DA:477,0
DA:478,0
DA:480,1
DA:481,0
DA:482,0
DA:484,1
DA:485,0
DA:486,0
DA:488,1
DA:489,0
DA:490,0
DA:491,0
DA:492,0
DA:494,1
DA:495,0
DA:496,0
DA:497,0
DA:498,0
DA:499,0
DA:500,0
DA:502,1
DA:503,0
DA:505,1
DA:506,0
DA:508,1
DA:509,0
DA:511,1
DA:512,0
DA:513,0
DA:515,1
DA:516,0
DA:517,0
DA:519,1
DA:520,0
DA:521,0
DA:523,1
DA:524,0
DA:525,0
DA:527,1
DA:528,0
DA:529,0
DA:531,1
DA:532,0
DA:533,0
DA:535,1
DA:536,0
DA:537,0
DA:539,1
DA:540,0
DA:541,0
DA:543,1
DA:544,0
DA:545,0
DA:547,1
DA:548,0
DA:550,1
DA:551,0
DA:553,1
DA:554,0
DA:555,0
DA:557,1
DA:558,0
DA:559,0
DA:561,1
DA:562,0
DA:563,0
DA:565,1
DA:566,0
DA:567,0
DA:569,1
DA:570,0
DA:571,0
DA:573,1
DA:574,0
DA:575,0
DA:577,1
DA:578,0
DA:579,0
DA:581,1
DA:582,0
DA:583,0
DA:585,1
DA:586,0
DA:587,0
DA:589,1
DA:590,0
DA:592,1
DA:595,0
DA:596,0
DA:597,0
DA:598,0
DA:600,0
DA:603,1
DA:604,0
DA:606,1
DA:607,0
DA:608,0
DA:610,1
DA:611,0
DA:612,0
DA:614,1
DA:615,0
DA:616,0
DA:618,1
DA:619,0
DA:620,0
DA:622,1
DA:623,0
DA:625,1
DA:626,0
DA:627,0
DA:629,1
DA:630,0
DA:631,0
DA:633,1
DA:634,0
DA:635,0
DA:637,1
DA:638,0
DA:639,0
DA:641,1
DA:642,0
DA:643,0
DA:645,1
DA:647,0
DA:648,0
DA:650,0
DA:652,0
DA:653,0
DA:655,1
DA:657,0
DA:658,0
DA:660,0
DA:662,0
DA:663,0
DA:665,1
DA:667,0
DA:668,0
DA:670,0
DA:672,0
DA:673,0
DA:675,1
DA:677,0
DA:678,0
DA:680,0
DA:682,0
DA:683,0
DA:685,1
DA:687,0
DA:688,0
DA:690,0
DA:692,0
DA:693,0
DA:695,1
DA:697,0
DA:698,0
DA:700,0
DA:702,0
DA:703,0
DA:705,1
DA:707,0
DA:708,0
DA:710,0
DA:712,0
DA:713,0
DA:715,1
DA:717,0
DA:718,0
DA:720,0
DA:722,0
DA:723,0
DA:725,1
DA:727,0
DA:728,0
DA:730,0
DA:732,0
DA:733,0
DA:735,1
DA:736,0
DA:737,0
DA:739,1
DA:740,0
DA:741,0
DA:743,1
DA:744,0
DA:745,0
DA:747,1
DA:748,0
DA:749,0
DA:751,1
DA:752,0
DA:753,0
DA:754,0
DA:755,0
DA:756,0
DA:758,1
DA:759,0
DA:760,0
DA:762,1
DA:763,0
DA:764,0
DA:766,1
DA:767,0
DA:768,0
DA:770,1
DA:771,0
DA:773,1
DA:774,224
DA:775,224
DA:777,1
DA:778,48
DA:779,48
DA:781,1
DA:782,0
DA:783,0
DA:785,1
DA:786,0
DA:787,0
DA:789,1
DA:790,0
DA:791,0
DA:793,1
DA:794,0
DA:795,0
DA:796,0
DA:797,0
DA:798,0
DA:799,0
DA:800,0
DA:802,0
DA:805,0
DA:806,0
DA:808,0
DA:811,1
DA:812,0
DA:813,0
DA:815,1
DA:816,0
DA:817,0
DA:819,1
DA:820,0
DA:821,0
DA:823,1
DA:824,0
DA:825,0
DA:827,1
DA:828,0
DA:829,0
DA:831,1
DA:832,0
DA:833,0
DA:835,1
DA:836,0
DA:837,0
DA:839,1
DA:840,0
DA:841,0
DA:842,0
DA:843,0
DA:844,0
DA:846,1
DA:847,0
DA:849,1
DA:850,0
DA:851,0
DA:853,1
DA:854,0
DA:856,1
DA:857,0
DA:859,1
DA:860,0
DA:862,1
DA:863,0
DA:864,0
DA:865,0
DA:866,0
DA:867,0
DA:869,1
DA:870,0
DA:872,1
DA:873,0
DA:875,1
DA:876,0
DA:877,0
DA:879,1
DA:880,0
DA:882,1
DA:883,0
DA:885,1
DA:886,0
DA:888,1
DA:889,0
DA:891,1
DA:892,896
DA:894,1
DA:895,0
DA:896,0
DA:898,1
DA:899,224
DA:901,1
DA:902,0
DA:904,1
DA:905,0
DA:907,1
DA:908,0
DA:910,1
DA:911,0
DA:913,1
DA:914,0
DA:915,0
DA:916,0
DA:917,0
DA:918,0
DA:920,1
DA:921,0
DA:922,0
DA:924,1
DA:925,0
DA:926,0
DA:928,1
DA:929,0
DA:930,0
DA:932,1
DA:933,0
DA:934,0
DA:936,1
DA:937,0
DA:938,0
DA:940,1
DA:941,0
DA:942,0
DA:944,1
DA:945,0
DA:946,0
DA:948,1
DA:949,0
DA:950,0
DA:952,1
DA:953,0
DA:954,0
DA:956,1
DA:957,0
DA:958,0
DA:960,1
DA:961,0
DA:962,0
DA:963,0
DA:964,0
DA:965,0
DA:967,1
DA:968,0
DA:969,0
DA:971,1
DA:972,0
DA:973,0
DA:975,1
DA:977,452
DA:978,452
DA:980,1
DA:982,0
DA:983,0
DA:985,1
DA:987,0
DA:988,0
DA:990,1
DA:992,0
DA:993,0
DA:995,1
DA:997,0
DA:998,0
DA:1000,1
DA:1001,1
DA:1002,1
DA:1003,1
DA:1004,1
DA:1005,1
DA:1006,1
DA:1007,1
DA:1010,1
DA:1014,1
DA:1015,1
DA:1016,1
DA:1017,1
DA:1020,1
DA:1021,1
DA:1025,0
DA:1028,0
DA:1029,0
DA:1030,0
DA:1032,0
DA:1036,0
DA:1037,0
DA:1038,0
DA:1040,0
DA:1041,0
DA:1045,1
DA:1048,1
DA:1049,1
DA:1050,1
DA:1052,0
DA:1056,1
DA:1057,0
DA:1059,1
DA:1061,1
DA:1062,0
DA:1065,1
DA:1067,1
LF:644
LH:189
BRDA:9,0,0,0
BRDA:9,0,1,1
BRDA:16,1,0,0
BRDA:16,1,1,0
BRDA:16,2,0,0
BRDA:16,2,1,0
BRDA:16,2,2,0
BRDA:19,3,0,0
BRDA:19,3,1,0
BRDA:22,4,0,0
BRDA:22,4,1,0
BRDA:24,5,0,0
BRDA:24,5,1,0
BRDA:30,6,0,0
BRDA:30,6,1,0
BRDA:32,7,0,0
BRDA:32,7,1,0
BRDA:32,8,0,0
BRDA:32,8,1,0
BRDA:39,9,0,0
BRDA:39,9,1,0
BRDA:42,10,0,0
BRDA:42,10,1,0
BRDA:54,11,0,0
BRDA:54,11,1,0
BRDA:54,12,0,0
BRDA:54,12,1,0
BRDA:60,13,0,0
BRDA:60,13,1,0
BRDA:71,14,0,0
BRDA:71,14,1,0
BRDA:85,15,0,0
BRDA:85,15,1,0
BRDA:85,16,0,0
BRDA:85,16,1,0
BRDA:85,16,2,0
BRDA:85,16,3,0
BRDA:98,17,0,1
BRDA:98,17,1,451
BRDA:98,18,0,452
BRDA:98,18,1,451
BRDA:114,19,0,0
BRDA:114,19,1,0
BRDA:135,20,0,0
BRDA:135,20,1,0
BRDA:146,21,0,0
BRDA:146,21,1,0
BRDA:163,22,0,0
BRDA:163,22,1,0
BRDA:166,23,0,0
BRDA:166,23,1,0
BRDA:167,24,0,0
BRDA:167,24,1,0
BRDA:194,25,0,0
BRDA:194,25,1,452
BRDA:204,26,0,0
BRDA:204,26,1,1
BRDA:233,27,0,0
BRDA:233,27,1,1
BRDA:237,28,0,0
BRDA:237,28,1,1
BRDA:241,29,0,0
BRDA:241,29,1,1
BRDA:245,30,0,0
BRDA:245,30,1,1
BRDA:293,31,0,1
BRDA:293,31,1,0
BRDA:332,32,0,1
BRDA:332,32,1,0
BRDA:358,33,0,1
BRDA:358,33,1,0
BRDA:378,34,0,0
BRDA:378,34,1,0
BRDA:383,35,0,1
BRDA:383,35,1,0
BRDA:404,36,0,0
BRDA:404,36,1,1
BRDA:404,37,0,1
BRDA:404,37,1,1
BRDA:405,38,0,0
BRDA:405,38,1,0
BRDA:409,39,0,0
BRDA:409,39,1,0
BRDA:411,40,0,0
BRDA:411,40,1,0
BRDA:411,41,0,0
BRDA:411,41,1,0
BRDA:425,42,0,0
BRDA:425,42,1,1
BRDA:449,43,0,0
BRDA:449,43,1,0
BRDA:450,44,0,0
BRDA:450,44,1,0
BRDA:450,45,0,0
BRDA:450,45,1,0
BRDA:477,46,0,0
BRDA:477,46,1,0
BRDA:490,47,0,0
BRDA:490,47,1,0
BRDA:491,48,0,0
BRDA:491,48,1,0
BRDA:496,49,0,0
BRDA:496,49,1,0
BRDA:497,50,0,0
BRDA:497,50,1,0
BRDA:517,51,0,0
BRDA:517,51,1,0
BRDA:566,52,0,0
BRDA:566,52,1,0
BRDA:583,53,0,0
BRDA:583,53,1,0
BRDA:612,54,0,0
BRDA:612,54,1,0
BRDA:616,55,0,0
BRDA:616,55,1,0
BRDA:620,56,0,0
BRDA:620,56,1,0
BRDA:837,57,0,0
BRDA:837,57,1,0
BRDA:911,58,0,0
BRDA:911,58,1,0
BRDA:925,59,0,0
BRDA:925,59,1,0
BRDA:926,60,0,0
BRDA:926,60,1,0
BRDA:929,61,0,0
BRDA:929,61,1,0
BRDA:930,62,0,0
BRDA:930,62,1,0
BRDA:933,63,0,0
BRDA:933,63,1,0
BRDA:934,64,0,0
BRDA:934,64,1,0
BRDA:937,65,0,0
BRDA:937,65,1,0
BRDA:938,66,0,0
BRDA:938,66,1,0
BRDA:950,67,0,0
BRDA:950,67,1,0
BRDA:973,68,0,0
BRDA:973,68,1,0
BRDA:1025,69,0,0
BRDA:1025,69,1,0
BRDA:1028,70,0,0
BRDA:1028,70,1,0
BRDA:1029,71,0,0
BRDA:1029,71,1,0
BRDA:1037,72,0,0
BRDA:1037,72,1,0
BRDA:1045,73,0,0
BRDA:1045,73,1,1
BRDA:1048,74,0,1
BRDA:1048,74,1,0
BRDA:1049,75,0,1
BRDA:1049,75,1,0
BRDA:1056,76,0,0
BRDA:1056,76,1,1
BRDA:1061,77,0,0
BRDA:1061,77,1,1
BRDA:1061,78,0,1
BRDA:1061,78,1,1
BRDA:1061,78,2,0
BRDA:1061,78,3,1
BRDA:1061,78,4,1
BRF:164
BRH:28
end_of_record
